2025-02-11 23:24:30,321 [trainer.py] => 实验名称:resnet对比实验
2025-02-11 23:24:30,322 [trainer.py] => config: ./exps/wa.json
2025-02-11 23:24:30,322 [trainer.py] => experiment_name: 实验名称:resnet对比实验
2025-02-11 23:24:30,322 [trainer.py] => prefix: reproduce
2025-02-11 23:24:30,322 [trainer.py] => dataset: xrfdataset
2025-02-11 23:24:30,322 [trainer.py] => memory_size: 1650
2025-02-11 23:24:30,322 [trainer.py] => memory_per_class: 30
2025-02-11 23:24:30,322 [trainer.py] => fixed_memory: True
2025-02-11 23:24:30,322 [trainer.py] => shuffle: True
2025-02-11 23:24:30,322 [trainer.py] => init_cls: 15
2025-02-11 23:24:30,322 [trainer.py] => increment: 10
2025-02-11 23:24:30,322 [trainer.py] => model_name: wa
2025-02-11 23:24:30,322 [trainer.py] => convnet_type: resnet34
2025-02-11 23:24:30,322 [trainer.py] => device: [device(type='cuda', index=1)]
2025-02-11 23:24:30,322 [trainer.py] => seed: 1993
2025-02-11 23:24:30,334 [data.py] => 加载完毕XRF原始数据集
2025-02-11 23:24:30,339 [data.py] => 加载完毕XRF原始数据集
2025-02-11 23:24:30,466 [trainer.py] => All params: 7480448
2025-02-11 23:24:30,467 [trainer.py] => Trainable params: 7480448
2025-02-11 23:24:30,467 [wa.py] => Learning on 0-15
2025-02-11 23:24:43,644 [wa.py] => Task 0, Epoch 1/1 => Loss 4.144, Train_accy 6.90, Test_accy 8.74
2025-02-11 23:24:43,645 [base.py] => Constructing exemplars for new classes...(30 per classes)
2025-02-11 23:25:03,655 [wa.py] => Exemplar size: 450
2025-02-11 23:25:03,655 [trainer.py] => CNN: {'total': 8.74, '0': 22.78, '1': 0.0, '2': 77.78, '3': 0.0, '4': 0.0, '5': 0.0, '6': 0.0, '7': 0.0, '8': 0.0, '9': 0.0, '10': 30.56, '11': 0.0, '12': 0.0, '13': 0.0, 'old': 0, 'new': 8.74}
2025-02-11 23:25:03,655 [trainer.py] => NME: {'total': 8.96, '0': 27.78, '1': 0.0, '2': 0.56, '3': 0.0, '4': 2.78, '5': 0.0, '6': 6.11, '7': 0.0, '8': 3.89, '9': 0.0, '10': 45.0, '11': 47.78, '12': 0.0, '13': 0.56, 'old': 0, 'new': 8.96}
2025-02-11 23:25:03,655 [trainer.py] => CNN top1 curve: [8.74]
2025-02-11 23:25:03,655 [trainer.py] => CNN top5 curve: [35.96]
2025-02-11 23:25:03,655 [trainer.py] => NME top1 curve: [8.96]
2025-02-11 23:25:03,655 [trainer.py] => NME top5 curve: [41.22]

2025-02-11 23:25:03,655 [trainer.py] => All params: 7488143
2025-02-11 23:25:03,656 [trainer.py] => Trainable params: 7488143
2025-02-11 23:25:03,657 [wa.py] => Learning on 15-25
2025-02-11 23:25:12,205 [wa.py] => Task 1, Epoch 1/1 => Loss 2.884, Loss_clf 3.241, Loss_kd 2.646, Train_accy 5.89, Test_accy 4.04
2025-02-11 23:25:12,207 [base.py] => Constructing exemplars for new classes...(30 per classes)
2025-02-11 23:25:32,887 [wa.py] => Exemplar size: 750
2025-02-11 23:25:32,888 [trainer.py] => CNN: {'total': 4.04, '0': 3.33, '1': 0.0, '2': 0.0, '3': 0.0, '4': 0.0, '5': 0.0, '6': 0.0, '7': 0.0, '8': 0.0, '9': 0.0, '10': 0.0, '11': 0.0, '12': 0.0, '13': 0.0, '14': 0.0, '15': 0.0, '16': 0.0, '17': 0.0, '18': 0.0, '19': 0.0, '20': 10.56, '21': 0.56, '22': 45.0, '23': 0.0, 'old': 0.22, 'new': 9.78}
2025-02-11 23:25:32,888 [trainer.py] => NME: {'total': 4.53, '0': 1.11, '1': 0.0, '2': 0.0, '3': 1.67, '4': 32.78, '5': 0.0, '6': 1.11, '7': 2.22, '8': 0.56, '9': 3.89, '10': 0.0, '11': 30.0, '12': 3.33, '13': 15.0, '14': 15.56, '15': 0.0, '16': 0.0, '17': 0.0, '18': 0.0, '19': 0.0, '20': 0.0, '21': 5.56, '22': 0.0, '23': 0.56, 'old': 7.15, 'new': 0.61}
2025-02-11 23:25:32,888 [trainer.py] => CNN top1 curve: [8.74, 4.04]
2025-02-11 23:25:32,888 [trainer.py] => CNN top5 curve: [35.96, 19.91]
2025-02-11 23:25:32,888 [trainer.py] => NME top1 curve: [8.96, 4.53]
2025-02-11 23:25:32,888 [trainer.py] => NME top5 curve: [41.22, 22.33]

2025-02-11 23:25:32,888 [trainer.py] => All params: 7493273
2025-02-11 23:25:32,888 [trainer.py] => Trainable params: 7493273
2025-02-11 23:25:32,889 [wa.py] => Learning on 25-35
2025-02-11 23:25:54,304 [wa.py] => Task 2, Epoch 1/1 => Loss 3.306, Loss_clf 3.655, Loss_kd 3.167, Train_accy 2.65, Test_accy 3.27
2025-02-11 23:25:54,305 [base.py] => Constructing exemplars for new classes...(30 per classes)
2025-02-11 23:26:19,160 [wa.py] => Exemplar size: 1050
2025-02-11 23:26:19,160 [trainer.py] => CNN: {'total': 3.27, '0': 0.0, '1': 0.0, '2': 0.0, '3': 0.0, '4': 0.0, '5': 0.0, '6': 0.0, '7': 0.0, '8': 0.0, '9': 0.0, '10': 0.0, '11': 0.0, '12': 0.0, '13': 0.0, '14': 0.0, '15': 0.0, '16': 0.0, '17': 0.0, '18': 0.0, '19': 0.0, '20': 0.0, '21': 0.0, '22': 0.0, '23': 0.0, '24': 1.11, '25': 2.78, '26': 0.0, '27': 58.89, '28': 0.0, '29': 0.0, '30': 50.56, '31': 0.0, '32': 0.0, '33': 0.0, 'old': 0.04, 'new': 11.33}
2025-02-11 23:26:19,160 [trainer.py] => NME: {'total': 3.59, '0': 37.22, '1': 0.0, '2': 0.0, '3': 1.67, '4': 0.0, '5': 0.0, '6': 2.22, '7': 0.0, '8': 0.0, '9': 0.56, '10': 0.0, '11': 0.0, '12': 0.0, '13': 1.11, '14': 20.56, '15': 18.33, '16': 0.0, '17': 37.78, '18': 0.0, '19': 0.0, '20': 0.0, '21': 0.0, '22': 1.67, '23': 2.78, '24': 0.0, '25': 0.0, '26': 0.56, '27': 0.0, '28': 0.0, '29': 0.0, '30': 0.56, '31': 0.0, '32': 0.56, '33': 0.0, 'old': 4.96, 'new': 0.17}
2025-02-11 23:26:19,160 [trainer.py] => CNN top1 curve: [8.74, 4.04, 3.27]
2025-02-11 23:26:19,161 [trainer.py] => CNN top5 curve: [35.96, 19.91, 15.17]
2025-02-11 23:26:19,161 [trainer.py] => NME top1 curve: [8.96, 4.53, 3.59]
2025-02-11 23:26:19,161 [trainer.py] => NME top5 curve: [41.22, 22.33, 15.62]

2025-02-11 23:26:19,161 [trainer.py] => All params: 7498403
2025-02-11 23:26:19,161 [trainer.py] => Trainable params: 7498403
2025-02-11 23:26:19,162 [wa.py] => Learning on 35-45
