2024-01-11 19:22:59,038 [trainer.py] => 实验名称:WiFi 测试类交换
2024-01-11 19:22:59,060 [trainer.py] => config: ./exps/wa.json
2024-01-11 19:22:59,061 [trainer.py] => experiment_name: 实验名称:WiFi 测试类交换
2024-01-11 19:22:59,061 [trainer.py] => prefix: reproduce
2024-01-11 19:22:59,061 [trainer.py] => dataset: xrfdataset
2024-01-11 19:22:59,061 [trainer.py] => memory_size: 1650
2024-01-11 19:22:59,061 [trainer.py] => memory_per_class: 30
2024-01-11 19:22:59,061 [trainer.py] => fixed_memory: True
2024-01-11 19:22:59,061 [trainer.py] => shuffle: True
2024-01-11 19:22:59,061 [trainer.py] => init_cls: 15
2024-01-11 19:22:59,061 [trainer.py] => increment: 10
2024-01-11 19:22:59,061 [trainer.py] => model_name: wa
2024-01-11 19:22:59,061 [trainer.py] => convnet_type: unet
2024-01-11 19:22:59,061 [trainer.py] => device: [device(type='cuda', index=1)]
2024-01-11 19:22:59,061 [trainer.py] => seed: 1993
2024-01-11 19:22:59,082 [data.py] => 加载完毕XRF原始数据集
2024-01-11 19:22:59,089 [data.py] => 加载完毕XRF原始数据集
2024-01-11 19:22:59,416 [trainer.py] => All params: 21041612
2024-01-11 19:22:59,416 [trainer.py] => Trainable params: 21041612
2024-01-11 19:22:59,416 [wa.py] => Learning on 0-15
2024-01-11 19:23:44,700 [wa.py] => Task 0, Epoch 2/2 => Loss 2.089, Train_accy 25.33
2024-01-11 19:23:44,701 [base.py] => Constructing exemplars for new classes...(30 per classes)
2024-01-11 19:24:08,530 [wa.py] => Exemplar size: 450
2024-01-11 19:24:08,721 [trainer.py] => CNN: {'total': 19.33, '0': 38.89, '1': 6.67, '2': 53.89, '3': 0.0, '4': 17.22, '5': 26.11, '6': 20.0, '7': 9.44, '8': 5.56, '9': 9.44, '10': 11.67, '11': 28.33, '12': 18.89, '13': 18.89, 'old': 0, 'new': 19.33}
2024-01-11 19:24:08,721 [trainer.py] => NME: {'total': 23.07, '0': 48.89, '1': 17.78, '2': 2.78, '3': 5.56, '4': 27.22, '5': 11.11, '6': 17.78, '7': 7.22, '8': 15.0, '9': 5.56, '10': 23.33, '11': 66.11, '12': 17.78, '13': 38.33, 'old': 0, 'new': 23.07}
2024-01-11 19:24:08,721 [trainer.py] => CNN top1 curve: [19.33]
2024-01-11 19:24:08,721 [trainer.py] => CNN top5 curve: [64.89]
2024-01-11 19:24:08,721 [trainer.py] => NME top1 curve: [23.07]
2024-01-11 19:24:08,721 [trainer.py] => NME top5 curve: [71.3]

2024-01-11 19:24:08,721 [trainer.py] => All params: 21043547
2024-01-11 19:24:08,722 [trainer.py] => Trainable params: 21043547
2024-01-11 19:24:08,722 [wa.py] => Learning on 15-25
2024-01-11 19:25:59,478 [wa.py] => Task 1, Epoch 2/2 => Loss 0.872, Loss_clf 2.110, Loss_kd 0.047, Train_accy 30.52
2024-01-11 19:25:59,579 [base.py] => Constructing exemplars for new classes...(30 per classes)
2024-01-11 19:26:27,521 [wa.py] => Exemplar size: 750
2024-01-11 19:26:27,698 [trainer.py] => CNN: {'total': 14.13, '0': 0.0, '1': 0.0, '2': 6.11, '3': 0.0, '4': 0.0, '5': 0.0, '6': 18.33, '7': 0.0, '8': 0.0, '9': 3.33, '10': 0.0, '11': 12.78, '12': 0.0, '13': 0.0, '14': 0.0, '15': 40.56, '16': 10.0, '17': 65.0, '18': 16.67, '19': 4.44, '20': 24.44, '21': 8.89, '22': 23.33, '23': 80.0, 'old': 2.7, 'new': 31.28}
2024-01-11 19:26:27,698 [trainer.py] => NME: {'total': 16.78, '0': 27.78, '1': 5.56, '2': 9.44, '3': 2.78, '4': 20.56, '5': 13.33, '6': 2.78, '7': 7.78, '8': 3.89, '9': 2.22, '10': 46.11, '11': 76.67, '12': 14.44, '13': 31.67, '14': 17.22, '15': 33.33, '16': 6.67, '17': 2.22, '18': 14.44, '19': 22.78, '20': 0.56, '21': 7.22, '22': 10.0, '23': 7.78, 'old': 18.81, 'new': 13.72}
2024-01-11 19:26:27,698 [trainer.py] => CNN top1 curve: [19.33, 14.13]
2024-01-11 19:26:27,698 [trainer.py] => CNN top5 curve: [64.89, 49.33]
2024-01-11 19:26:27,698 [trainer.py] => NME top1 curve: [23.07, 16.78]
2024-01-11 19:26:27,698 [trainer.py] => NME top5 curve: [71.3, 57.31]

2024-01-11 19:26:27,698 [trainer.py] => All params: 21044837
2024-01-11 19:26:27,699 [trainer.py] => Trainable params: 21044837
2024-01-11 19:26:27,699 [wa.py] => Learning on 25-35
2024-01-11 19:28:37,418 [wa.py] => Task 2, Epoch 2/2 => Loss 0.672, Loss_clf 2.266, Loss_kd 0.034, Train_accy 30.83
2024-01-11 19:28:37,421 [base.py] => Constructing exemplars for new classes...(30 per classes)
2024-01-11 19:29:11,395 [wa.py] => Exemplar size: 1050
2024-01-11 19:29:11,565 [trainer.py] => CNN: {'total': 10.84, '0': 0.0, '1': 0.0, '2': 0.0, '3': 0.0, '4': 2.22, '5': 0.0, '6': 4.44, '7': 0.0, '8': 0.0, '9': 0.0, '10': 0.0, '11': 3.33, '12': 0.0, '13': 11.11, '14': 0.0, '15': 4.44, '16': 0.0, '17': 12.78, '18': 11.11, '19': 0.0, '20': 0.0, '21': 0.0, '22': 0.0, '23': 0.0, '24': 3.89, '25': 34.44, '26': 42.78, '27': 53.89, '28': 1.67, '29': 6.11, '30': 23.33, '31': 60.56, '32': 62.78, '33': 13.89, 'old': 2.13, 'new': 32.61}
2024-01-11 19:29:11,565 [trainer.py] => NME: {'total': 14.95, '0': 40.56, '1': 8.33, '2': 14.44, '3': 10.0, '4': 13.33, '5': 0.0, '6': 7.78, '7': 12.22, '8': 13.89, '9': 15.0, '10': 38.89, '11': 44.44, '12': 17.78, '13': 26.11, '14': 22.78, '15': 10.0, '16': 5.0, '17': 7.78, '18': 18.33, '19': 32.22, '20': 2.22, '21': 5.56, '22': 6.11, '23': 10.0, '24': 24.44, '25': 13.89, '26': 2.22, '27': 13.33, '28': 9.44, '29': 3.33, '30': 0.0, '31': 28.89, '32': 35.56, '33': 3.89, 'old': 16.29, 'new': 11.61}
2024-01-11 19:29:11,565 [trainer.py] => CNN top1 curve: [19.33, 14.13, 10.84]
2024-01-11 19:29:11,565 [trainer.py] => CNN top5 curve: [64.89, 49.33, 39.87]
2024-01-11 19:29:11,565 [trainer.py] => NME top1 curve: [23.07, 16.78, 14.95]
2024-01-11 19:29:11,565 [trainer.py] => NME top5 curve: [71.3, 57.31, 51.4]

2024-01-11 19:29:11,566 [trainer.py] => All params: 21046127
2024-01-11 19:29:11,566 [trainer.py] => Trainable params: 21046127
2024-01-11 19:29:11,566 [wa.py] => Learning on 35-45
2024-01-11 19:31:05,191 [wa.py] => Task 3, Epoch 2/2 => Loss 0.548, Loss_clf 2.360, Loss_kd 0.030, Train_accy 28.44
2024-01-11 19:31:05,203 [base.py] => Constructing exemplars for new classes...(30 per classes)
2024-01-11 19:31:47,022 [wa.py] => Exemplar size: 1350
2024-01-11 19:31:47,218 [trainer.py] => CNN: {'total': 10.48, '0': 0.0, '1': 0.0, '2': 1.67, '3': 0.0, '4': 0.0, '5': 0.0, '6': 6.67, '7': 0.0, '8': 0.0, '9': 5.0, '10': 3.33, '11': 3.89, '12': 0.0, '13': 6.11, '14': 0.0, '15': 12.78, '16': 0.0, '17': 14.44, '18': 0.0, '19': 0.56, '20': 1.67, '21': 0.0, '22': 0.0, '23': 0.0, '24': 10.0, '25': 26.11, '26': 0.56, '27': 12.22, '28': 0.0, '29': 0.56, '30': 7.22, '31': 2.78, '32': 1.67, '33': 0.0, '34': 1.11, '35': 22.78, '36': 43.33, '37': 43.33, '38': 66.11, '39': 30.56, '40': 1.67, '41': 39.44, '42': 12.78, '43': 32.78, 'old': 3.38, 'new': 35.33}
2024-01-11 19:31:47,218 [trainer.py] => NME: {'total': 14.19, '0': 33.89, '1': 3.33, '2': 16.67, '3': 1.67, '4': 18.89, '5': 1.11, '6': 9.44, '7': 8.89, '8': 9.44, '9': 16.11, '10': 28.33, '11': 42.78, '12': 21.11, '13': 11.67, '14': 16.67, '15': 11.67, '16': 10.56, '17': 15.0, '18': 12.78, '19': 17.78, '20': 6.11, '21': 12.22, '22': 8.33, '23': 5.56, '24': 26.67, '25': 8.33, '26': 4.44, '27': 22.22, '28': 5.0, '29': 2.22, '30': 0.56, '31': 22.78, '32': 32.78, '33': 5.56, '34': 3.33, '35': 3.33, '36': 12.78, '37': 3.89, '38': 30.56, '39': 9.44, '40': 18.33, '41': 21.11, '42': 23.33, '43': 34.44, 'old': 13.54, 'new': 16.44}
2024-01-11 19:31:47,218 [trainer.py] => CNN top1 curve: [19.33, 14.13, 10.84, 10.48]
2024-01-11 19:31:47,218 [trainer.py] => CNN top5 curve: [64.89, 49.33, 39.87, 39.01]
2024-01-11 19:31:47,218 [trainer.py] => NME top1 curve: [23.07, 16.78, 14.95, 14.19]
2024-01-11 19:31:47,218 [trainer.py] => NME top5 curve: [71.3, 57.31, 51.4, 48.86]

2024-01-11 19:31:47,219 [trainer.py] => All params: 21047417
2024-01-11 19:31:47,219 [trainer.py] => Trainable params: 21047417
2024-01-11 19:31:47,219 [wa.py] => Learning on 45-55
2024-01-11 19:33:10,915 [wa.py] => Task 4, Epoch 2/2 => Loss 0.538, Loss_clf 2.866, Loss_kd 0.020, Train_accy 16.36
2024-01-11 19:33:11,024 [base.py] => Constructing exemplars for new classes...(30 per classes)
2024-01-11 19:34:07,387 [wa.py] => Exemplar size: 1650
2024-01-11 19:34:09,116 [trainer.py] => CNN: {'total': 10.17, '0': 0.0, '1': 1.11, '2': 11.11, '3': 0.0, '4': 3.33, '5': 2.78, '6': 3.33, '7': 0.0, '8': 1.67, '9': 3.33, '10': 9.44, '11': 38.33, '12': 0.56, '13': 8.33, '14': 13.89, '15': 28.89, '16': 0.0, '17': 10.56, '18': 6.67, '19': 0.56, '20': 3.33, '21': 2.78, '22': 9.44, '23': 2.22, '24': 13.89, '25': 17.78, '26': 0.0, '27': 4.44, '28': 2.78, '29': 0.0, '30': 0.0, '31': 5.56, '32': 21.67, '33': 0.0, '34': 0.0, '35': 18.89, '36': 5.56, '37': 2.22, '38': 23.89, '39': 16.67, '40': 0.0, '41': 34.44, '42': 20.56, '43': 23.33, '44': 0.56, '45': 45.0, '46': 18.89, '47': 22.78, '48': 2.78, '49': 13.89, '50': 7.78, '51': 35.0, '52': 13.33, '53': 20.56, 'old': 8.31, 'new': 18.56}
2024-01-11 19:34:09,117 [trainer.py] => NME: {'total': 11.05, '0': 31.67, '1': 8.33, '2': 13.33, '3': 0.0, '4': 13.89, '5': 1.67, '6': 14.44, '7': 9.44, '8': 5.56, '9': 18.33, '10': 21.67, '11': 41.11, '12': 16.11, '13': 15.0, '14': 23.89, '15': 12.78, '16': 11.67, '17': 15.56, '18': 18.33, '19': 15.56, '20': 2.78, '21': 12.22, '22': 7.78, '23': 7.22, '24': 21.11, '25': 5.56, '26': 3.89, '27': 12.22, '28': 3.89, '29': 2.78, '30': 0.56, '31': 22.22, '32': 27.78, '33': 6.11, '34': 2.78, '35': 6.67, '36': 5.0, '37': 1.11, '38': 26.67, '39': 10.0, '40': 5.0, '41': 9.44, '42': 11.67, '43': 17.78, '44': 2.78, '45': 7.22, '46': 1.11, '47': 25.0, '48': 0.0, '49': 0.0, '50': 4.44, '51': 0.56, '52': 21.11, '53': 5.0, 'old': 12.07, 'new': 6.44}
2024-01-11 19:34:09,117 [trainer.py] => CNN top1 curve: [19.33, 14.13, 10.84, 10.48, 10.17]
2024-01-11 19:34:09,117 [trainer.py] => CNN top5 curve: [64.89, 49.33, 39.87, 39.01, 36.31]
2024-01-11 19:34:09,117 [trainer.py] => NME top1 curve: [23.07, 16.78, 14.95, 14.19, 11.05]
2024-01-11 19:34:09,117 [trainer.py] => NME top5 curve: [71.3, 57.31, 51.4, 48.86, 40.91]

2024-01-11 19:36:03,895 [trainer.py] => 实验名称:WiFi 测试类交换
2024-01-11 19:36:03,896 [trainer.py] => config: ./exps/wa.json
2024-01-11 19:36:03,896 [trainer.py] => experiment_name: 实验名称:WiFi 测试类交换
2024-01-11 19:36:03,896 [trainer.py] => prefix: reproduce
2024-01-11 19:36:03,896 [trainer.py] => dataset: xrfdataset
2024-01-11 19:36:03,896 [trainer.py] => memory_size: 1650
2024-01-11 19:36:03,896 [trainer.py] => memory_per_class: 30
2024-01-11 19:36:03,896 [trainer.py] => fixed_memory: True
2024-01-11 19:36:03,896 [trainer.py] => shuffle: True
2024-01-11 19:36:03,896 [trainer.py] => init_cls: 15
2024-01-11 19:36:03,896 [trainer.py] => increment: 10
2024-01-11 19:36:03,896 [trainer.py] => model_name: wa
2024-01-11 19:36:03,896 [trainer.py] => convnet_type: unet
2024-01-11 19:36:03,896 [trainer.py] => device: [device(type='cuda', index=1)]
2024-01-11 19:36:03,896 [trainer.py] => seed: 1993
2024-01-11 19:36:03,909 [data.py] => 加载完毕XRF原始数据集
2024-01-11 19:36:03,915 [data.py] => 加载完毕XRF原始数据集
2024-01-11 19:36:04,190 [trainer.py] => All params: 21041612
2024-01-11 19:36:04,190 [trainer.py] => Trainable params: 21041612
2024-01-11 19:36:04,190 [wa.py] => Learning on 0-15
2024-01-11 20:20:42,706 [wa.py] => Task 0, Epoch 200/200 => Loss 0.014, Train_accy 99.94
2024-01-11 20:20:42,727 [base.py] => Constructing exemplars for new classes...(30 per classes)
2024-01-11 20:21:09,496 [wa.py] => Exemplar size: 450
2024-01-11 20:21:10,045 [trainer.py] => CNN: {'total': 87.48, '0': 100.0, '1': 92.78, '2': 95.0, '3': 82.78, '4': 88.89, '5': 75.56, '6': 75.0, '7': 92.22, '8': 87.22, '9': 55.56, '10': 96.11, '11': 99.44, '12': 89.44, '13': 90.56, 'old': 0, 'new': 87.48}
2024-01-11 20:21:10,045 [trainer.py] => NME: {'total': 86.74, '0': 100.0, '1': 91.67, '2': 94.44, '3': 77.78, '4': 86.67, '5': 76.67, '6': 72.78, '7': 92.22, '8': 84.44, '9': 56.11, '10': 95.0, '11': 99.44, '12': 90.0, '13': 92.22, 'old': 0, 'new': 86.74}
2024-01-11 20:21:10,045 [trainer.py] => CNN top1 curve: [87.48]
2024-01-11 20:21:10,046 [trainer.py] => CNN top5 curve: [98.67]
2024-01-11 20:21:10,046 [trainer.py] => NME top1 curve: [86.74]
2024-01-11 20:21:10,046 [trainer.py] => NME top5 curve: [98.7]

2024-01-11 20:21:10,048 [trainer.py] => All params: 21043547
2024-01-11 20:21:10,049 [trainer.py] => Trainable params: 21043547
2024-01-11 20:21:10,050 [wa.py] => Learning on 15-25
2024-01-11 21:06:11,865 [wa.py] => Task 1, Epoch 200/200 => Loss 0.037, Loss_clf 0.012, Loss_kd 0.053, Train_accy 100.00
2024-01-11 21:06:21,980 [base.py] => Constructing exemplars for new classes...(30 per classes)
2024-01-11 21:06:50,281 [wa.py] => Exemplar size: 750
2024-01-11 21:06:53,680 [trainer.py] => CNN: {'total': 81.4, '0': 94.44, '1': 81.67, '2': 86.11, '3': 71.11, '4': 74.44, '5': 63.89, '6': 53.33, '7': 58.33, '8': 57.22, '9': 55.56, '10': 86.67, '11': 92.78, '12': 75.56, '13': 73.89, '14': 82.78, '15': 93.89, '16': 95.56, '17': 95.0, '18': 93.33, '19': 92.22, '20': 93.33, '21': 86.11, '22': 93.89, '23': 90.56, 'old': 73.85, 'new': 92.72}
2024-01-11 21:06:53,680 [trainer.py] => NME: {'total': 80.98, '0': 96.11, '1': 75.56, '2': 84.44, '3': 68.89, '4': 76.67, '5': 58.33, '6': 47.78, '7': 56.11, '8': 55.56, '9': 68.89, '10': 90.0, '11': 96.11, '12': 80.0, '13': 77.22, '14': 83.89, '15': 93.33, '16': 95.0, '17': 90.56, '18': 91.67, '19': 87.22, '20': 92.22, '21': 90.0, '22': 91.67, '23': 87.22, 'old': 74.37, 'new': 90.89}
2024-01-11 21:06:53,680 [trainer.py] => CNN top1 curve: [87.48, 81.4]
2024-01-11 21:06:53,680 [trainer.py] => CNN top5 curve: [98.67, 97.78]
2024-01-11 21:06:53,680 [trainer.py] => NME top1 curve: [86.74, 80.98]
2024-01-11 21:06:53,681 [trainer.py] => NME top5 curve: [98.7, 98.13]

2024-01-11 21:06:53,681 [trainer.py] => All params: 21044837
2024-01-11 21:06:53,682 [trainer.py] => Trainable params: 21044837
2024-01-11 21:06:53,683 [wa.py] => Learning on 25-35
2024-01-11 21:57:50,035 [wa.py] => Task 2, Epoch 200/200 => Loss 0.038, Loss_clf 0.019, Loss_kd 0.046, Train_accy 100.00
2024-01-11 21:57:50,038 [base.py] => Constructing exemplars for new classes...(30 per classes)
2024-01-11 21:58:27,072 [wa.py] => Exemplar size: 1050
2024-01-11 21:58:27,716 [trainer.py] => CNN: {'total': 73.27, '0': 90.56, '1': 65.0, '2': 71.11, '3': 51.11, '4': 68.33, '5': 48.89, '6': 46.11, '7': 60.0, '8': 55.0, '9': 57.78, '10': 77.78, '11': 83.33, '12': 68.89, '13': 64.44, '14': 63.89, '15': 90.0, '16': 87.78, '17': 77.78, '18': 77.22, '19': 77.78, '20': 87.78, '21': 71.11, '22': 85.0, '23': 80.56, '24': 82.22, '25': 69.44, '26': 72.78, '27': 86.67, '28': 60.56, '29': 71.11, '30': 76.11, '31': 80.56, '32': 94.44, '33': 80.0, 'old': 71.58, 'new': 77.5}
2024-01-11 21:58:27,717 [trainer.py] => NME: {'total': 72.14, '0': 90.56, '1': 63.33, '2': 73.33, '3': 61.67, '4': 68.89, '5': 34.44, '6': 45.56, '7': 62.22, '8': 52.78, '9': 64.44, '10': 81.11, '11': 88.33, '12': 70.56, '13': 66.67, '14': 57.78, '15': 85.56, '16': 91.67, '17': 75.56, '18': 78.33, '19': 78.89, '20': 87.22, '21': 78.33, '22': 86.11, '23': 55.56, '24': 75.0, '25': 67.22, '26': 80.56, '27': 88.33, '28': 63.33, '29': 67.78, '30': 76.67, '31': 73.33, '32': 92.22, '33': 66.11, 'old': 70.96, 'new': 75.11}
2024-01-11 21:58:27,717 [trainer.py] => CNN top1 curve: [87.48, 81.4, 73.27]
2024-01-11 21:58:27,717 [trainer.py] => CNN top5 curve: [98.67, 97.78, 95.54]
2024-01-11 21:58:27,717 [trainer.py] => NME top1 curve: [86.74, 80.98, 72.14]
2024-01-11 21:58:27,717 [trainer.py] => NME top5 curve: [98.7, 98.13, 95.19]

2024-01-11 21:58:27,718 [trainer.py] => All params: 21046127
2024-01-11 21:58:27,719 [trainer.py] => Trainable params: 21046127
2024-01-11 21:58:27,720 [wa.py] => Learning on 35-45
2024-01-11 22:48:38,860 [wa.py] => Task 3, Epoch 200/200 => Loss 0.095, Loss_clf 0.134, Loss_kd 0.084, Train_accy 99.60
2024-01-11 22:48:38,864 [base.py] => Constructing exemplars for new classes...(30 per classes)
2024-01-11 22:49:35,486 [wa.py] => Exemplar size: 1350
2024-01-11 22:49:40,091 [trainer.py] => CNN: {'total': 64.74, '0': 91.11, '1': 61.67, '2': 62.78, '3': 49.44, '4': 61.67, '5': 48.89, '6': 48.89, '7': 49.44, '8': 43.89, '9': 43.33, '10': 70.56, '11': 75.56, '12': 58.33, '13': 41.11, '14': 60.0, '15': 77.78, '16': 72.22, '17': 67.78, '18': 64.44, '19': 58.89, '20': 72.22, '21': 61.11, '22': 67.78, '23': 57.22, '24': 72.22, '25': 47.78, '26': 55.56, '27': 73.89, '28': 29.44, '29': 51.11, '30': 43.89, '31': 66.67, '32': 86.67, '33': 50.56, '34': 64.44, '35': 88.33, '36': 87.22, '37': 58.89, '38': 60.0, '39': 87.78, '40': 77.78, '41': 88.89, '42': 90.56, '43': 96.67, 'old': 60.24, 'new': 80.5}
2024-01-11 22:49:40,092 [trainer.py] => NME: {'total': 62.65, '0': 82.22, '1': 54.44, '2': 58.33, '3': 47.78, '4': 61.11, '5': 43.89, '6': 36.67, '7': 53.89, '8': 53.33, '9': 53.33, '10': 71.11, '11': 76.67, '12': 56.11, '13': 56.11, '14': 63.33, '15': 71.67, '16': 82.78, '17': 60.56, '18': 66.11, '19': 56.67, '20': 71.67, '21': 62.78, '22': 66.67, '23': 48.89, '24': 61.67, '25': 35.56, '26': 62.78, '27': 64.44, '28': 35.56, '29': 40.56, '30': 50.56, '31': 55.0, '32': 67.78, '33': 34.44, '34': 62.22, '35': 92.78, '36': 77.22, '37': 62.22, '38': 89.44, '39': 88.33, '40': 65.0, '41': 84.44, '42': 87.22, '43': 91.11, 'old': 57.9, 'new': 79.28}
2024-01-11 22:49:40,092 [trainer.py] => CNN top1 curve: [87.48, 81.4, 73.27, 64.74]
2024-01-11 22:49:40,092 [trainer.py] => CNN top5 curve: [98.67, 97.78, 95.54, 92.35]
2024-01-11 22:49:40,092 [trainer.py] => NME top1 curve: [86.74, 80.98, 72.14, 62.65]
2024-01-11 22:49:40,092 [trainer.py] => NME top5 curve: [98.7, 98.13, 95.19, 92.9]

2024-01-11 22:49:40,093 [trainer.py] => All params: 21047417
2024-01-11 22:49:40,094 [trainer.py] => Trainable params: 21047417
2024-01-11 22:49:40,095 [wa.py] => Learning on 45-55
2024-01-11 23:32:32,097 [wa.py] => Task 4, Epoch 200/200 => Loss 0.040, Loss_clf 0.050, Loss_kd 0.038, Train_accy 100.00
2024-01-11 23:32:40,004 [base.py] => Constructing exemplars for new classes...(30 per classes)
2024-01-11 23:33:28,253 [wa.py] => Exemplar size: 1650
2024-01-11 23:33:31,527 [trainer.py] => CNN: {'total': 61.99, '0': 84.44, '1': 55.0, '2': 63.33, '3': 49.44, '4': 57.22, '5': 49.44, '6': 41.67, '7': 50.56, '8': 48.89, '9': 45.0, '10': 65.56, '11': 73.33, '12': 58.33, '13': 42.22, '14': 57.22, '15': 74.44, '16': 68.89, '17': 67.78, '18': 62.78, '19': 61.67, '20': 79.44, '21': 60.56, '22': 72.78, '23': 61.67, '24': 70.56, '25': 53.89, '26': 67.22, '27': 70.0, '28': 27.78, '29': 52.22, '30': 45.56, '31': 66.11, '32': 82.22, '33': 50.56, '34': 57.78, '35': 83.33, '36': 75.0, '37': 52.78, '38': 80.0, '39': 87.22, '40': 71.67, '41': 85.0, '42': 85.0, '43': 88.33, '44': 63.33, '45': 50.0, '46': 62.22, '47': 57.22, '48': 50.56, '49': 41.67, '50': 55.56, '51': 60.56, '52': 53.89, '53': 53.89, 'old': 63.72, 'new': 54.22}
2024-01-11 23:33:31,527 [trainer.py] => NME: {'total': 61.07, '0': 82.22, '1': 55.56, '2': 59.44, '3': 31.67, '4': 57.78, '5': 40.0, '6': 36.11, '7': 55.0, '8': 55.56, '9': 52.22, '10': 64.44, '11': 86.11, '12': 51.67, '13': 52.22, '14': 60.56, '15': 72.22, '16': 77.22, '17': 61.11, '18': 67.22, '19': 58.89, '20': 72.78, '21': 66.11, '22': 66.67, '23': 50.56, '24': 65.0, '25': 41.11, '26': 65.56, '27': 65.56, '28': 22.22, '29': 42.22, '30': 46.11, '31': 61.11, '32': 73.33, '33': 34.44, '34': 56.11, '35': 80.0, '36': 62.78, '37': 47.78, '38': 84.44, '39': 81.11, '40': 52.78, '41': 74.44, '42': 78.89, '43': 76.67, '44': 46.11, '45': 77.22, '46': 71.11, '47': 66.67, '48': 65.56, '49': 67.22, '50': 62.78, '51': 63.89, '52': 60.0, '53': 69.44, 'old': 59.8, 'new': 66.78}
2024-01-11 23:33:31,527 [trainer.py] => CNN top1 curve: [87.48, 81.4, 73.27, 64.74, 61.99]
2024-01-11 23:33:31,527 [trainer.py] => CNN top5 curve: [98.67, 97.78, 95.54, 92.35, 90.86]
2024-01-11 23:33:31,527 [trainer.py] => NME top1 curve: [86.74, 80.98, 72.14, 62.65, 61.07]
2024-01-11 23:33:31,527 [trainer.py] => NME top5 curve: [98.7, 98.13, 95.19, 92.9, 90.62]

2024-01-14 23:04:03,028 [trainer.py] => 实验名称:WiFi,0.1
2024-01-14 23:04:05,574 [trainer.py] => config: ./exps/wa.json
2024-01-14 23:04:05,585 [trainer.py] => experiment_name: 实验名称:WiFi,0.1
2024-01-14 23:04:05,585 [trainer.py] => prefix: reproduce
2024-01-14 23:04:05,585 [trainer.py] => dataset: xrfdataset
2024-01-14 23:04:05,586 [trainer.py] => memory_size: 1650
2024-01-14 23:04:05,586 [trainer.py] => memory_per_class: 30
2024-01-14 23:04:05,586 [trainer.py] => fixed_memory: True
2024-01-14 23:04:05,586 [trainer.py] => shuffle: True
2024-01-14 23:04:05,586 [trainer.py] => init_cls: 15
2024-01-14 23:04:05,586 [trainer.py] => increment: 10
2024-01-14 23:04:05,586 [trainer.py] => model_name: wa
2024-01-14 23:04:05,586 [trainer.py] => convnet_type: unet
2024-01-14 23:04:05,586 [trainer.py] => device: [device(type='cuda', index=1)]
2024-01-14 23:04:05,586 [trainer.py] => seed: 1993
2024-01-14 23:04:05,764 [data.py] => 加载完毕XRF原始数据集
2024-01-14 23:04:06,108 [data.py] => 加载完毕XRF原始数据集
2024-01-14 23:04:19,344 [trainer.py] => All params: 21041612
2024-01-14 23:04:19,344 [trainer.py] => Trainable params: 21041612
2024-01-14 23:04:19,344 [wa.py] => Learning on 0-15
2024-01-15 00:11:37,989 [wa.py] => Task 0, Epoch 200/200 => Loss 0.014, Train_accy 99.94
2024-01-15 00:11:38,175 [base.py] => Constructing exemplars for new classes...(30 per classes)
2024-01-15 00:12:10,801 [wa.py] => Exemplar size: 450
2024-01-15 00:12:12,085 [trainer.py] => CNN: {'total': 87.48, '0': 100.0, '1': 92.78, '2': 95.0, '3': 82.78, '4': 88.89, '5': 75.56, '6': 75.0, '7': 92.22, '8': 87.22, '9': 55.56, '10': 96.11, '11': 99.44, '12': 89.44, '13': 90.56, 'old': 0, 'new': 87.48}
2024-01-15 00:12:12,085 [trainer.py] => NME: {'total': 86.74, '0': 100.0, '1': 91.67, '2': 94.44, '3': 77.78, '4': 86.67, '5': 76.67, '6': 72.78, '7': 92.22, '8': 84.44, '9': 56.11, '10': 95.0, '11': 99.44, '12': 90.0, '13': 92.22, 'old': 0, 'new': 86.74}
2024-01-15 00:12:12,085 [trainer.py] => CNN top1 curve: [87.48]
2024-01-15 00:12:12,085 [trainer.py] => CNN top5 curve: [98.67]
2024-01-15 00:12:12,085 [trainer.py] => NME top1 curve: [86.74]
2024-01-15 00:12:12,085 [trainer.py] => NME top5 curve: [98.7]

2024-01-15 00:12:12,086 [trainer.py] => All params: 21043547
2024-01-15 00:12:12,086 [trainer.py] => Trainable params: 21043547
2024-01-15 00:12:12,087 [wa.py] => Learning on 15-25
2024-01-15 00:44:45,635 [wa.py] => Task 1, Epoch 200/200 => Loss 0.041, Loss_clf 0.013, Loss_kd 0.059, Train_accy 100.00
2024-01-15 00:44:49,774 [base.py] => Constructing exemplars for new classes...(30 per classes)
2024-01-15 00:45:18,718 [wa.py] => Exemplar size: 750
2024-01-15 00:45:21,157 [trainer.py] => CNN: {'total': 82.38, '0': 93.89, '1': 84.44, '2': 87.78, '3': 71.11, '4': 77.22, '5': 66.11, '6': 56.67, '7': 58.33, '8': 58.33, '9': 53.89, '10': 89.44, '11': 95.56, '12': 77.78, '13': 77.22, '14': 83.89, '15': 95.56, '16': 97.22, '17': 95.0, '18': 92.78, '19': 94.44, '20': 91.11, '21': 86.11, '22': 92.22, '23': 91.11, 'old': 75.44, 'new': 92.78}
2024-01-15 00:45:21,157 [trainer.py] => NME: {'total': 81.07, '0': 96.67, '1': 78.89, '2': 86.67, '3': 67.78, '4': 77.78, '5': 61.11, '6': 52.22, '7': 55.0, '8': 53.33, '9': 68.89, '10': 90.0, '11': 97.78, '12': 79.44, '13': 77.78, '14': 83.33, '15': 92.22, '16': 95.56, '17': 86.67, '18': 88.89, '19': 89.44, '20': 90.56, '21': 89.44, '22': 90.56, '23': 87.78, 'old': 75.11, 'new': 90.0}
2024-01-15 00:45:21,157 [trainer.py] => CNN top1 curve: [87.48, 82.38]
2024-01-15 00:45:21,157 [trainer.py] => CNN top5 curve: [98.67, 97.93]
2024-01-15 00:45:21,157 [trainer.py] => NME top1 curve: [86.74, 81.07]
2024-01-15 00:45:21,157 [trainer.py] => NME top5 curve: [98.7, 98.2]

2024-01-15 00:45:21,158 [trainer.py] => All params: 21044837
2024-01-15 00:45:21,158 [trainer.py] => Trainable params: 21044837
2024-01-15 00:45:21,159 [wa.py] => Learning on 25-35
2024-01-15 01:08:16,443 [trainer.py] => 实验名称:WiFi,0.05
2024-01-15 01:08:17,807 [trainer.py] => config: ./exps/wa.json
2024-01-15 01:08:17,807 [trainer.py] => experiment_name: 实验名称:WiFi,0.05
2024-01-15 01:08:17,807 [trainer.py] => prefix: reproduce
2024-01-15 01:08:17,807 [trainer.py] => dataset: xrfdataset
2024-01-15 01:08:17,807 [trainer.py] => memory_size: 1650
2024-01-15 01:08:17,807 [trainer.py] => memory_per_class: 30
2024-01-15 01:08:17,807 [trainer.py] => fixed_memory: True
2024-01-15 01:08:17,807 [trainer.py] => shuffle: True
2024-01-15 01:08:17,807 [trainer.py] => init_cls: 15
2024-01-15 01:08:17,807 [trainer.py] => increment: 10
2024-01-15 01:08:17,807 [trainer.py] => model_name: wa
2024-01-15 01:08:17,807 [trainer.py] => convnet_type: unet
2024-01-15 01:08:17,807 [trainer.py] => device: [device(type='cuda', index=1)]
2024-01-15 01:08:17,807 [trainer.py] => seed: 1993
2024-01-15 01:08:19,069 [data.py] => 加载完毕XRF原始数据集
2024-01-15 01:08:19,479 [data.py] => 加载完毕XRF原始数据集
2024-01-15 01:08:20,892 [trainer.py] => All params: 21041612
2024-01-15 01:08:20,892 [trainer.py] => Trainable params: 21041612
2024-01-15 01:08:20,892 [wa.py] => Learning on 0-15
2024-01-15 01:27:18,508 [wa.py] => Task 2, Epoch 200/200 => Loss 0.044, Loss_clf 0.020, Loss_kd 0.053, Train_accy 100.00
2024-01-15 01:27:19,319 [base.py] => Constructing exemplars for new classes...(30 per classes)
2024-01-15 01:27:55,057 [wa.py] => Exemplar size: 1050
2024-01-15 01:27:57,365 [trainer.py] => CNN: {'total': 73.21, '0': 93.33, '1': 67.22, '2': 72.78, '3': 53.33, '4': 68.33, '5': 47.78, '6': 50.0, '7': 52.22, '8': 56.11, '9': 52.78, '10': 73.89, '11': 84.44, '12': 66.11, '13': 66.11, '14': 72.22, '15': 88.33, '16': 86.67, '17': 86.11, '18': 78.89, '19': 82.22, '20': 81.11, '21': 76.11, '22': 87.22, '23': 76.67, '24': 82.78, '25': 70.56, '26': 75.0, '27': 82.22, '28': 56.67, '29': 71.67, '30': 75.0, '31': 74.44, '32': 92.22, '33': 79.44, 'old': 72.11, 'new': 75.94}
2024-01-15 01:27:57,365 [trainer.py] => NME: {'total': 71.65, '0': 90.0, '1': 63.33, '2': 77.78, '3': 58.89, '4': 71.67, '5': 38.89, '6': 44.44, '7': 52.78, '8': 54.44, '9': 65.56, '10': 81.11, '11': 91.67, '12': 67.78, '13': 67.78, '14': 61.67, '15': 84.44, '16': 89.44, '17': 80.0, '18': 82.78, '19': 76.67, '20': 88.33, '21': 78.89, '22': 82.78, '23': 51.11, '24': 71.67, '25': 66.11, '26': 82.22, '27': 83.89, '28': 57.22, '29': 68.89, '30': 73.89, '31': 73.89, '32': 87.22, '33': 65.0, 'old': 70.96, 'new': 73.39}
2024-01-15 01:27:57,365 [trainer.py] => CNN top1 curve: [87.48, 82.38, 73.21]
2024-01-15 01:27:57,365 [trainer.py] => CNN top5 curve: [98.67, 97.93, 95.73]
2024-01-15 01:27:57,365 [trainer.py] => NME top1 curve: [86.74, 81.07, 71.65]
2024-01-15 01:27:57,366 [trainer.py] => NME top5 curve: [98.7, 98.2, 95.52]

2024-01-15 01:27:57,366 [trainer.py] => All params: 21046127
2024-01-15 01:27:57,366 [trainer.py] => Trainable params: 21046127
2024-01-15 01:27:57,367 [wa.py] => Learning on 35-45
2024-01-15 02:28:11,570 [wa.py] => Task 3, Epoch 200/200 => Loss 0.109, Loss_clf 0.150, Loss_kd 0.097, Train_accy 99.47
2024-01-15 02:28:11,763 [wa.py] => Task 0, Epoch 200/200 => Loss 0.014, Train_accy 99.94
2024-01-15 02:28:11,971 [base.py] => Constructing exemplars for new classes...(30 per classes)
2024-01-15 02:28:17,587 [base.py] => Constructing exemplars for new classes...(30 per classes)
2024-01-15 02:29:02,644 [wa.py] => Exemplar size: 1350
2024-01-15 02:29:07,228 [trainer.py] => CNN: {'total': 64.49, '0': 83.89, '1': 66.11, '2': 62.22, '3': 45.56, '4': 61.67, '5': 48.89, '6': 51.11, '7': 48.89, '8': 46.67, '9': 43.33, '10': 60.0, '11': 80.0, '12': 58.89, '13': 51.67, '14': 56.67, '15': 67.22, '16': 72.78, '17': 77.22, '18': 65.0, '19': 67.78, '20': 63.89, '21': 65.0, '22': 63.89, '23': 52.22, '24': 71.67, '25': 48.33, '26': 62.78, '27': 68.89, '28': 38.89, '29': 41.67, '30': 46.11, '31': 57.22, '32': 77.78, '33': 56.67, '34': 56.67, '35': 89.44, '36': 89.44, '37': 60.0, '38': 58.89, '39': 91.11, '40': 80.0, '41': 87.22, '42': 93.89, '43': 96.67, 'old': 59.63, 'new': 81.5}
2024-01-15 02:29:07,228 [trainer.py] => NME: {'total': 61.41, '0': 78.33, '1': 57.22, '2': 61.11, '3': 46.11, '4': 60.0, '5': 35.56, '6': 37.78, '7': 52.78, '8': 46.67, '9': 57.22, '10': 71.11, '11': 78.33, '12': 57.22, '13': 57.78, '14': 56.11, '15': 60.0, '16': 72.22, '17': 69.44, '18': 63.33, '19': 59.44, '20': 66.11, '21': 72.22, '22': 63.33, '23': 46.67, '24': 50.0, '25': 43.89, '26': 66.67, '27': 60.0, '28': 41.67, '29': 40.0, '30': 47.78, '31': 54.44, '32': 67.78, '33': 35.0, '34': 51.11, '35': 92.22, '36': 83.33, '37': 58.89, '38': 83.89, '39': 91.11, '40': 65.56, '41': 76.11, '42': 88.89, '43': 87.78, 'old': 56.7, 'new': 77.89}
2024-01-15 02:29:07,228 [trainer.py] => CNN top1 curve: [87.48, 82.38, 73.21, 64.49]
2024-01-15 02:29:07,228 [trainer.py] => CNN top5 curve: [98.67, 97.93, 95.73, 92.67]
2024-01-15 02:29:07,228 [trainer.py] => NME top1 curve: [86.74, 81.07, 71.65, 61.41]
2024-01-15 02:29:07,228 [trainer.py] => NME top5 curve: [98.7, 98.2, 95.52, 92.68]

2024-01-15 02:29:07,229 [trainer.py] => All params: 21047417
2024-01-15 02:29:07,229 [trainer.py] => Trainable params: 21047417
2024-01-15 02:29:08,169 [wa.py] => Learning on 45-55
2024-01-15 02:29:10,119 [wa.py] => Exemplar size: 450
2024-01-15 02:29:12,365 [trainer.py] => CNN: {'total': 87.48, '0': 100.0, '1': 92.78, '2': 95.0, '3': 82.78, '4': 88.89, '5': 75.56, '6': 75.0, '7': 92.22, '8': 87.22, '9': 55.56, '10': 96.11, '11': 99.44, '12': 89.44, '13': 90.56, 'old': 0, 'new': 87.48}
2024-01-15 02:29:12,365 [trainer.py] => NME: {'total': 86.74, '0': 100.0, '1': 91.67, '2': 94.44, '3': 77.78, '4': 86.67, '5': 76.67, '6': 72.78, '7': 92.22, '8': 84.44, '9': 56.11, '10': 95.0, '11': 99.44, '12': 90.0, '13': 92.22, 'old': 0, 'new': 86.74}
2024-01-15 02:29:12,365 [trainer.py] => CNN top1 curve: [87.48]
2024-01-15 02:29:12,365 [trainer.py] => CNN top5 curve: [98.67]
2024-01-15 02:29:12,365 [trainer.py] => NME top1 curve: [86.74]
2024-01-15 02:29:12,365 [trainer.py] => NME top5 curve: [98.7]

2024-01-15 02:29:12,366 [trainer.py] => All params: 21043547
2024-01-15 02:29:12,366 [trainer.py] => Trainable params: 21043547
2024-01-15 02:29:12,367 [wa.py] => Learning on 15-25
2024-01-15 03:15:49,800 [wa.py] => Task 1, Epoch 200/200 => Loss 0.028, Loss_clf 0.011, Loss_kd 0.039, Train_accy 100.00
2024-01-15 03:16:24,474 [base.py] => Constructing exemplars for new classes...(30 per classes)
2024-01-15 03:17:02,574 [wa.py] => Exemplar size: 750
2024-01-15 03:17:12,954 [trainer.py] => CNN: {'total': 81.11, '0': 92.78, '1': 76.11, '2': 88.33, '3': 67.78, '4': 74.44, '5': 62.22, '6': 53.89, '7': 57.78, '8': 52.78, '9': 50.56, '10': 91.67, '11': 92.78, '12': 77.78, '13': 72.22, '14': 82.22, '15': 95.0, '16': 97.78, '17': 96.67, '18': 91.11, '19': 94.44, '20': 96.67, '21': 82.78, '22': 94.44, '23': 93.89, 'old': 72.89, 'new': 93.44}
2024-01-15 03:17:12,954 [trainer.py] => NME: {'total': 80.78, '0': 96.11, '1': 71.11, '2': 83.89, '3': 72.22, '4': 72.78, '5': 58.33, '6': 45.56, '7': 56.67, '8': 52.22, '9': 63.33, '10': 91.67, '11': 97.22, '12': 78.33, '13': 74.44, '14': 86.67, '15': 96.11, '16': 96.11, '17': 91.67, '18': 91.67, '19': 89.44, '20': 96.67, '21': 87.78, '22': 92.78, '23': 88.89, 'old': 73.37, 'new': 91.89}
2024-01-15 03:17:12,954 [trainer.py] => CNN top1 curve: [87.48, 81.11]
2024-01-15 03:17:12,955 [trainer.py] => CNN top5 curve: [98.67, 97.78]
2024-01-15 03:17:12,955 [trainer.py] => NME top1 curve: [86.74, 80.78]
2024-01-15 03:17:12,955 [trainer.py] => NME top5 curve: [98.7, 98.24]

2024-01-15 03:17:12,956 [trainer.py] => All params: 21044837
2024-01-15 03:17:12,956 [trainer.py] => Trainable params: 21044837
2024-01-15 03:17:15,238 [wa.py] => Learning on 25-35
2024-01-15 03:27:57,028 [wa.py] => Task 4, Epoch 200/200 => Loss 0.046, Loss_clf 0.057, Loss_kd 0.044, Train_accy 99.91
2024-01-15 03:27:58,936 [base.py] => Constructing exemplars for new classes...(30 per classes)
2024-01-15 03:28:53,554 [wa.py] => Exemplar size: 1650
2024-01-15 03:28:55,466 [trainer.py] => CNN: {'total': 62.09, '0': 82.78, '1': 62.78, '2': 62.22, '3': 45.0, '4': 58.89, '5': 41.67, '6': 45.56, '7': 48.33, '8': 43.89, '9': 43.89, '10': 65.0, '11': 80.56, '12': 59.44, '13': 48.89, '14': 59.44, '15': 72.22, '16': 69.44, '17': 77.22, '18': 70.0, '19': 66.11, '20': 69.44, '21': 69.44, '22': 68.89, '23': 58.89, '24': 65.56, '25': 50.56, '26': 67.22, '27': 56.67, '28': 35.0, '29': 45.0, '30': 60.0, '31': 61.67, '32': 76.11, '33': 57.78, '34': 61.11, '35': 88.89, '36': 83.33, '37': 53.89, '38': 77.78, '39': 87.22, '40': 69.44, '41': 81.11, '42': 87.22, '43': 86.11, '44': 59.44, '45': 48.89, '46': 56.67, '47': 57.22, '48': 55.56, '49': 48.89, '50': 45.56, '51': 60.0, '52': 50.0, '53': 55.0, 'old': 64.02, 'new': 53.39}
2024-01-15 03:28:55,467 [trainer.py] => NME: {'total': 60.65, '0': 81.67, '1': 57.22, '2': 62.22, '3': 26.67, '4': 56.67, '5': 33.89, '6': 32.22, '7': 53.89, '8': 51.11, '9': 57.22, '10': 60.0, '11': 83.33, '12': 57.22, '13': 54.44, '14': 56.11, '15': 63.89, '16': 76.67, '17': 68.33, '18': 68.89, '19': 66.67, '20': 66.67, '21': 71.11, '22': 66.67, '23': 40.0, '24': 57.78, '25': 47.22, '26': 62.78, '27': 56.67, '28': 37.22, '29': 42.78, '30': 49.44, '31': 60.56, '32': 71.11, '33': 38.89, '34': 54.44, '35': 87.78, '36': 72.22, '37': 45.0, '38': 84.44, '39': 81.11, '40': 54.44, '41': 73.89, '42': 80.56, '43': 67.78, '44': 34.44, '45': 70.0, '46': 68.33, '47': 74.44, '48': 65.56, '49': 65.56, '50': 56.67, '51': 68.89, '52': 61.67, '53': 66.67, 'old': 59.41, 'new': 66.22}
2024-01-15 03:28:55,467 [trainer.py] => CNN top1 curve: [87.48, 82.38, 73.21, 64.49, 62.09]
2024-01-15 03:28:55,467 [trainer.py] => CNN top5 curve: [98.67, 97.93, 95.73, 92.67, 91.35]
2024-01-15 03:28:55,467 [trainer.py] => NME top1 curve: [86.74, 81.07, 71.65, 61.41, 60.65]
2024-01-15 03:28:55,467 [trainer.py] => NME top5 curve: [98.7, 98.2, 95.52, 92.68, 91.06]

2024-01-15 03:55:44,282 [wa.py] => Task 2, Epoch 200/200 => Loss 0.031, Loss_clf 0.018, Loss_kd 0.036, Train_accy 100.00
2024-01-15 03:56:04,552 [base.py] => Constructing exemplars for new classes...(30 per classes)
2024-01-15 03:56:49,802 [wa.py] => Exemplar size: 1050
2024-01-15 03:56:55,179 [trainer.py] => CNN: {'total': 73.97, '0': 94.44, '1': 60.56, '2': 71.67, '3': 55.56, '4': 67.78, '5': 43.89, '6': 51.11, '7': 55.56, '8': 51.67, '9': 45.0, '10': 75.56, '11': 79.44, '12': 66.11, '13': 59.44, '14': 66.67, '15': 90.56, '16': 87.78, '17': 86.11, '18': 77.78, '19': 76.67, '20': 91.67, '21': 88.33, '22': 92.78, '23': 78.33, '24': 74.44, '25': 73.89, '26': 77.78, '27': 88.89, '28': 67.22, '29': 73.33, '30': 77.22, '31': 81.11, '32': 95.0, '33': 81.11, 'old': 71.56, 'new': 80.0}
2024-01-15 03:56:55,179 [trainer.py] => NME: {'total': 72.83, '0': 93.33, '1': 57.78, '2': 72.22, '3': 63.89, '4': 71.67, '5': 37.78, '6': 46.67, '7': 58.33, '8': 51.11, '9': 59.44, '10': 80.56, '11': 86.67, '12': 68.89, '13': 67.22, '14': 58.89, '15': 91.11, '16': 93.89, '17': 81.11, '18': 77.22, '19': 75.0, '20': 86.67, '21': 86.11, '22': 87.22, '23': 47.78, '24': 64.44, '25': 72.78, '26': 77.78, '27': 85.56, '28': 66.11, '29': 73.33, '30': 81.67, '31': 78.33, '32': 95.0, '33': 72.22, 'old': 70.6, 'new': 78.39}
2024-01-15 03:56:55,180 [trainer.py] => CNN top1 curve: [87.48, 81.11, 73.97]
2024-01-15 03:56:55,180 [trainer.py] => CNN top5 curve: [98.67, 97.78, 95.33]
2024-01-15 03:56:55,180 [trainer.py] => NME top1 curve: [86.74, 80.78, 72.83]
2024-01-15 03:56:55,180 [trainer.py] => NME top5 curve: [98.7, 98.24, 95.67]

2024-01-15 03:56:55,181 [trainer.py] => All params: 21046127
2024-01-15 03:56:55,181 [trainer.py] => Trainable params: 21046127
2024-01-15 03:56:56,549 [wa.py] => Learning on 35-45
2024-01-15 04:35:30,563 [wa.py] => Task 3, Epoch 200/200 => Loss 0.070, Loss_clf 0.111, Loss_kd 0.059, Train_accy 99.77
2024-01-15 04:35:51,046 [base.py] => Constructing exemplars for new classes...(30 per classes)
2024-01-15 04:36:36,959 [wa.py] => Exemplar size: 1350
2024-01-15 04:36:42,725 [trainer.py] => CNN: {'total': 65.9, '0': 86.67, '1': 55.0, '2': 62.78, '3': 58.33, '4': 57.78, '5': 45.0, '6': 46.11, '7': 55.0, '8': 48.33, '9': 39.44, '10': 61.67, '11': 80.0, '12': 60.0, '13': 44.44, '14': 55.56, '15': 82.78, '16': 81.11, '17': 73.33, '18': 62.22, '19': 63.33, '20': 78.89, '21': 70.56, '22': 74.44, '23': 53.89, '24': 62.78, '25': 49.44, '26': 62.78, '27': 54.44, '28': 37.22, '29': 49.44, '30': 56.67, '31': 60.0, '32': 81.11, '33': 61.67, '34': 46.67, '35': 90.0, '36': 94.44, '37': 72.22, '38': 67.78, '39': 93.33, '40': 83.89, '41': 91.11, '42': 91.11, '43': 92.78, 'old': 60.54, 'new': 84.67}
2024-01-15 04:36:42,725 [trainer.py] => NME: {'total': 62.89, '0': 82.78, '1': 54.44, '2': 58.89, '3': 56.11, '4': 58.33, '5': 39.44, '6': 38.33, '7': 61.67, '8': 48.33, '9': 50.56, '10': 65.0, '11': 79.44, '12': 55.0, '13': 52.22, '14': 60.0, '15': 71.67, '16': 82.22, '17': 65.0, '18': 56.67, '19': 51.67, '20': 72.78, '21': 76.67, '22': 70.0, '23': 42.78, '24': 50.0, '25': 35.0, '26': 61.11, '27': 55.56, '28': 36.67, '29': 48.89, '30': 52.78, '31': 50.56, '32': 70.0, '33': 44.44, '34': 43.89, '35': 96.67, '36': 92.22, '37': 72.22, '38': 86.67, '39': 88.33, '40': 71.67, '41': 90.0, '42': 83.89, '43': 90.56, 'old': 57.11, 'new': 83.11}
2024-01-15 04:36:42,725 [trainer.py] => CNN top1 curve: [87.48, 81.11, 73.97, 65.9]
2024-01-15 04:36:42,725 [trainer.py] => CNN top5 curve: [98.67, 97.78, 95.33, 92.35]
2024-01-15 04:36:42,726 [trainer.py] => NME top1 curve: [86.74, 80.78, 72.83, 62.89]
2024-01-15 04:36:42,726 [trainer.py] => NME top5 curve: [98.7, 98.24, 95.67, 93.36]

2024-01-15 04:36:42,726 [trainer.py] => All params: 21047417
2024-01-15 04:36:42,727 [trainer.py] => Trainable params: 21047417
2024-01-15 04:36:43,526 [wa.py] => Learning on 45-55
2024-01-15 05:18:22,783 [wa.py] => Task 4, Epoch 200/200 => Loss 0.030, Loss_clf 0.043, Loss_kd 0.027, Train_accy 100.00
2024-01-15 05:19:04,705 [base.py] => Constructing exemplars for new classes...(30 per classes)
2024-01-15 05:20:02,189 [wa.py] => Exemplar size: 1650
2024-01-15 05:20:11,746 [trainer.py] => CNN: {'total': 62.63, '0': 81.11, '1': 53.89, '2': 62.22, '3': 41.11, '4': 57.22, '5': 41.11, '6': 38.89, '7': 55.0, '8': 47.78, '9': 40.56, '10': 58.33, '11': 83.89, '12': 60.56, '13': 46.11, '14': 49.44, '15': 80.56, '16': 77.78, '17': 73.89, '18': 67.78, '19': 63.89, '20': 75.56, '21': 69.44, '22': 75.0, '23': 49.44, '24': 63.89, '25': 55.0, '26': 57.22, '27': 61.67, '28': 38.33, '29': 48.33, '30': 59.44, '31': 57.22, '32': 79.44, '33': 57.22, '34': 48.89, '35': 84.44, '36': 81.67, '37': 60.0, '38': 83.33, '39': 82.22, '40': 73.89, '41': 84.44, '42': 84.44, '43': 80.0, '44': 68.89, '45': 55.0, '46': 65.56, '47': 62.22, '48': 57.78, '49': 47.22, '50': 57.78, '51': 64.44, '52': 57.78, '53': 60.0, 'old': 63.57, 'new': 58.39}
2024-01-15 05:20:11,747 [trainer.py] => NME: {'total': 61.48, '0': 75.56, '1': 53.89, '2': 57.22, '3': 28.89, '4': 52.22, '5': 37.22, '6': 31.11, '7': 63.89, '8': 47.22, '9': 42.78, '10': 57.22, '11': 89.44, '12': 52.78, '13': 53.89, '14': 61.67, '15': 72.78, '16': 81.11, '17': 63.33, '18': 62.22, '19': 56.11, '20': 70.56, '21': 73.33, '22': 76.67, '23': 36.11, '24': 50.0, '25': 37.22, '26': 53.33, '27': 64.44, '28': 32.78, '29': 46.11, '30': 53.33, '31': 54.44, '32': 75.0, '33': 40.56, '34': 48.89, '35': 85.56, '36': 62.22, '37': 57.22, '38': 82.78, '39': 81.11, '40': 58.89, '41': 78.89, '42': 78.33, '43': 77.78, '44': 49.44, '45': 77.78, '46': 77.78, '47': 75.56, '48': 77.78, '49': 68.33, '50': 61.11, '51': 67.78, '52': 65.0, '53': 72.78, 'old': 59.23, 'new': 71.61}
2024-01-15 05:20:11,747 [trainer.py] => CNN top1 curve: [87.48, 81.11, 73.97, 65.9, 62.63]
2024-01-15 05:20:11,747 [trainer.py] => CNN top5 curve: [98.67, 97.78, 95.33, 92.35, 90.82]
2024-01-15 05:20:11,747 [trainer.py] => NME top1 curve: [86.74, 80.78, 72.83, 62.89, 61.48]
2024-01-15 05:20:11,747 [trainer.py] => NME top5 curve: [98.7, 98.24, 95.67, 93.36, 90.8]

2024-01-15 11:06:41,380 [trainer.py] => 实验名称:WiFi,wa
2024-01-15 11:06:42,352 [trainer.py] => config: ./exps/wa.json
2024-01-15 11:06:42,352 [trainer.py] => experiment_name: 实验名称:WiFi,wa
2024-01-15 11:06:42,352 [trainer.py] => prefix: reproduce
2024-01-15 11:06:42,352 [trainer.py] => dataset: xrfdataset
2024-01-15 11:06:42,352 [trainer.py] => memory_size: 1650
2024-01-15 11:06:42,352 [trainer.py] => memory_per_class: 30
2024-01-15 11:06:42,352 [trainer.py] => fixed_memory: True
2024-01-15 11:06:42,352 [trainer.py] => shuffle: True
2024-01-15 11:06:42,352 [trainer.py] => init_cls: 15
2024-01-15 11:06:42,352 [trainer.py] => increment: 10
2024-01-15 11:06:42,352 [trainer.py] => model_name: wa
2024-01-15 11:06:42,352 [trainer.py] => convnet_type: unet
2024-01-15 11:06:42,352 [trainer.py] => device: [device(type='cuda', index=1)]
2024-01-15 11:06:42,352 [trainer.py] => seed: 1993
2024-01-15 11:06:43,885 [data.py] => 加载完毕XRF原始数据集
2024-01-15 11:06:44,126 [data.py] => 加载完毕XRF原始数据集
2024-01-15 11:06:55,337 [trainer.py] => All params: 21041612
2024-01-15 11:06:55,338 [trainer.py] => Trainable params: 21041612
2024-01-15 11:06:55,338 [wa.py] => Learning on 0-15
2024-01-15 11:55:49,223 [wa.py] => Task 0, Epoch 200/200 => Loss 0.014, Train_accy 99.94
2024-01-15 11:55:52,376 [base.py] => Constructing exemplars for new classes...(30 per classes)
2024-01-15 11:56:25,594 [wa.py] => Exemplar size: 450
2024-01-15 11:56:26,407 [trainer.py] => CNN: {'total': 87.48, '0': 100.0, '1': 92.78, '2': 95.0, '3': 82.78, '4': 88.89, '5': 75.56, '6': 75.0, '7': 92.22, '8': 87.22, '9': 55.56, '10': 96.11, '11': 99.44, '12': 89.44, '13': 90.56, 'old': 0, 'new': 87.48}
2024-01-15 11:56:26,408 [trainer.py] => NME: {'total': 86.74, '0': 100.0, '1': 91.67, '2': 94.44, '3': 77.78, '4': 86.67, '5': 76.67, '6': 72.78, '7': 92.22, '8': 84.44, '9': 56.11, '10': 95.0, '11': 99.44, '12': 90.0, '13': 92.22, 'old': 0, 'new': 86.74}
2024-01-15 11:56:26,408 [trainer.py] => CNN top1 curve: [87.48]
2024-01-15 11:56:26,408 [trainer.py] => CNN top5 curve: [98.67]
2024-01-15 11:56:26,408 [trainer.py] => NME top1 curve: [86.74]
2024-01-15 11:56:26,408 [trainer.py] => NME top5 curve: [98.7]

2024-01-15 11:56:26,409 [trainer.py] => All params: 21043547
2024-01-15 11:56:26,409 [trainer.py] => Trainable params: 21043547
2024-01-15 11:56:26,410 [wa.py] => Learning on 15-25
2024-01-15 12:46:38,444 [wa.py] => Task 1, Epoch 200/200 => Loss 0.823, Loss_clf 0.010, Loss_kd 1.364, Train_accy 100.00
2024-01-15 12:46:38,493 [base.py] => Constructing exemplars for new classes...(30 per classes)
2024-01-15 12:47:11,334 [wa.py] => Exemplar size: 750
2024-01-15 12:47:12,044 [trainer.py] => CNN: {'total': 80.58, '0': 91.67, '1': 77.22, '2': 83.89, '3': 63.33, '4': 76.67, '5': 60.56, '6': 57.22, '7': 58.33, '8': 53.89, '9': 52.22, '10': 86.11, '11': 88.33, '12': 72.22, '13': 75.56, '14': 79.44, '15': 97.22, '16': 98.33, '17': 93.33, '18': 91.67, '19': 94.44, '20': 93.33, '21': 86.67, '22': 95.0, '23': 93.33, 'old': 71.78, 'new': 93.78}
2024-01-15 12:47:12,045 [trainer.py] => NME: {'total': 80.56, '0': 94.44, '1': 76.67, '2': 86.11, '3': 64.44, '4': 77.22, '5': 56.11, '6': 53.89, '7': 53.89, '8': 54.44, '9': 61.67, '10': 91.11, '11': 93.89, '12': 77.78, '13': 77.22, '14': 82.78, '15': 96.11, '16': 93.89, '17': 87.78, '18': 90.56, '19': 91.67, '20': 93.89, '21': 88.89, '22': 92.22, '23': 86.67, 'old': 73.44, 'new': 91.22}
2024-01-15 12:47:12,045 [trainer.py] => CNN top1 curve: [87.48, 80.58]
2024-01-15 12:47:12,045 [trainer.py] => CNN top5 curve: [98.67, 97.49]
2024-01-15 12:47:12,045 [trainer.py] => NME top1 curve: [86.74, 80.56]
2024-01-15 12:47:12,045 [trainer.py] => NME top5 curve: [98.7, 98.27]

2024-01-15 12:47:12,046 [trainer.py] => All params: 21044837
2024-01-15 12:47:12,046 [trainer.py] => Trainable params: 21044837
2024-01-15 12:47:12,047 [wa.py] => Learning on 25-35
2024-01-15 13:30:22,148 [trainer.py] => 实验名称:WiFi,0.01
2024-01-15 13:30:22,149 [trainer.py] => config: ./exps/wa.json
2024-01-15 13:30:22,149 [trainer.py] => experiment_name: 实验名称:WiFi,0.01
2024-01-15 13:30:22,149 [trainer.py] => prefix: reproduce
2024-01-15 13:30:22,149 [trainer.py] => dataset: xrfdataset
2024-01-15 13:30:22,149 [trainer.py] => memory_size: 1650
2024-01-15 13:30:22,149 [trainer.py] => memory_per_class: 30
2024-01-15 13:30:22,149 [trainer.py] => fixed_memory: True
2024-01-15 13:30:22,149 [trainer.py] => shuffle: True
2024-01-15 13:30:22,149 [trainer.py] => init_cls: 15
2024-01-15 13:30:22,149 [trainer.py] => increment: 10
2024-01-15 13:30:22,149 [trainer.py] => model_name: wa
2024-01-15 13:30:22,149 [trainer.py] => convnet_type: unet
2024-01-15 13:30:22,149 [trainer.py] => device: [device(type='cuda', index=1)]
2024-01-15 13:30:22,150 [trainer.py] => seed: 1993
2024-01-15 13:30:22,164 [data.py] => 加载完毕XRF原始数据集
2024-01-15 13:30:22,170 [data.py] => 加载完毕XRF原始数据集
2024-01-15 13:30:22,335 [trainer.py] => All params: 21041612
2024-01-15 13:30:22,335 [trainer.py] => Trainable params: 21041612
2024-01-15 13:30:22,335 [wa.py] => Learning on 0-15
2024-01-15 13:48:36,317 [wa.py] => Task 2, Epoch 200/200 => Loss 1.215, Loss_clf 0.016, Loss_kd 1.694, Train_accy 99.98
2024-01-15 13:48:36,346 [base.py] => Constructing exemplars for new classes...(30 per classes)
2024-01-15 13:49:21,455 [wa.py] => Exemplar size: 1050
2024-01-15 13:49:22,099 [trainer.py] => CNN: {'total': 71.73, '0': 85.0, '1': 57.22, '2': 71.11, '3': 53.89, '4': 61.67, '5': 38.33, '6': 48.33, '7': 51.11, '8': 50.56, '9': 43.33, '10': 76.11, '11': 84.44, '12': 63.89, '13': 61.11, '14': 57.78, '15': 88.89, '16': 85.56, '17': 86.67, '18': 71.67, '19': 83.33, '20': 86.11, '21': 67.78, '22': 83.89, '23': 62.78, '24': 75.0, '25': 76.67, '26': 81.11, '27': 85.0, '28': 63.89, '29': 78.89, '30': 82.78, '31': 85.0, '32': 96.67, '33': 78.89, 'old': 67.82, 'new': 81.5}
2024-01-15 13:49:22,099 [trainer.py] => NME: {'total': 70.79, '0': 89.44, '1': 59.44, '2': 72.78, '3': 61.67, '4': 62.22, '5': 34.44, '6': 45.56, '7': 51.67, '8': 53.33, '9': 49.44, '10': 77.22, '11': 88.89, '12': 65.0, '13': 65.56, '14': 61.67, '15': 84.44, '16': 83.89, '17': 83.89, '18': 73.89, '19': 77.78, '20': 85.0, '21': 75.0, '22': 85.56, '23': 40.0, '24': 68.89, '25': 72.78, '26': 83.33, '27': 86.67, '28': 64.44, '29': 69.44, '30': 73.33, '31': 81.67, '32': 91.67, '33': 73.89, 'old': 67.87, 'new': 78.11}
2024-01-15 13:49:22,099 [trainer.py] => CNN top1 curve: [87.48, 80.58, 71.73]
2024-01-15 13:49:22,099 [trainer.py] => CNN top5 curve: [98.67, 97.49, 94.63]
2024-01-15 13:49:22,099 [trainer.py] => NME top1 curve: [86.74, 80.56, 70.79]
2024-01-15 13:49:22,099 [trainer.py] => NME top5 curve: [98.7, 98.27, 94.9]

2024-01-15 13:49:22,100 [trainer.py] => All params: 21046127
2024-01-15 13:49:22,100 [trainer.py] => Trainable params: 21046127
2024-01-15 13:49:22,101 [wa.py] => Learning on 35-45
2024-01-15 14:45:02,650 [wa.py] => Task 0, Epoch 200/200 => Loss 0.014, Train_accy 99.94
2024-01-15 14:45:02,651 [base.py] => Constructing exemplars for new classes...(30 per classes)
2024-01-15 14:45:30,673 [wa.py] => Exemplar size: 450
2024-01-15 14:45:31,482 [trainer.py] => CNN: {'total': 87.48, '0': 100.0, '1': 92.78, '2': 95.0, '3': 82.78, '4': 88.89, '5': 75.56, '6': 75.0, '7': 92.22, '8': 87.22, '9': 55.56, '10': 96.11, '11': 99.44, '12': 89.44, '13': 90.56, 'old': 0, 'new': 87.48}
2024-01-15 14:45:31,482 [trainer.py] => NME: {'total': 86.74, '0': 100.0, '1': 91.67, '2': 94.44, '3': 77.78, '4': 86.67, '5': 76.67, '6': 72.78, '7': 92.22, '8': 84.44, '9': 56.11, '10': 95.0, '11': 99.44, '12': 90.0, '13': 92.22, 'old': 0, 'new': 86.74}
2024-01-15 14:45:31,482 [trainer.py] => CNN top1 curve: [87.48]
2024-01-15 14:45:31,482 [trainer.py] => CNN top5 curve: [98.67]
2024-01-15 14:45:31,482 [trainer.py] => NME top1 curve: [86.74]
2024-01-15 14:45:31,483 [trainer.py] => NME top5 curve: [98.7]

2024-01-15 14:45:31,483 [trainer.py] => All params: 21043547
2024-01-15 14:45:31,484 [trainer.py] => Trainable params: 21043547
2024-01-15 14:45:31,484 [wa.py] => Learning on 15-25
2024-01-15 15:05:33,392 [wa.py] => Task 3, Epoch 200/200 => Loss 1.739, Loss_clf 0.138, Loss_kd 2.196, Train_accy 99.47
2024-01-15 15:05:33,411 [base.py] => Constructing exemplars for new classes...(30 per classes)
2024-01-15 15:06:21,730 [wa.py] => Exemplar size: 1350
2024-01-15 15:06:22,328 [trainer.py] => CNN: {'total': 64.51, '0': 75.0, '1': 59.44, '2': 63.33, '3': 46.67, '4': 54.44, '5': 42.78, '6': 43.33, '7': 47.78, '8': 48.33, '9': 31.67, '10': 61.11, '11': 73.89, '12': 54.44, '13': 50.0, '14': 53.89, '15': 70.56, '16': 71.67, '17': 79.44, '18': 65.0, '19': 73.33, '20': 77.22, '21': 61.11, '22': 71.67, '23': 46.67, '24': 70.0, '25': 53.33, '26': 53.33, '27': 59.44, '28': 33.89, '29': 48.33, '30': 48.33, '31': 47.22, '32': 81.67, '33': 53.89, '34': 62.78, '35': 87.78, '36': 93.89, '37': 68.89, '38': 81.11, '39': 91.67, '40': 81.11, '41': 94.44, '42': 92.78, '43': 97.22, 'old': 58.14, 'new': 86.78}
2024-01-15 15:06:22,329 [trainer.py] => NME: {'total': 63.62, '0': 75.56, '1': 61.67, '2': 63.89, '3': 45.56, '4': 56.11, '5': 36.67, '6': 32.78, '7': 51.11, '8': 53.33, '9': 52.78, '10': 67.78, '11': 80.56, '12': 57.78, '13': 55.56, '14': 58.33, '15': 70.0, '16': 67.78, '17': 70.0, '18': 65.0, '19': 66.11, '20': 75.0, '21': 73.33, '22': 62.22, '23': 51.67, '24': 64.44, '25': 43.33, '26': 62.22, '27': 68.33, '28': 43.33, '29': 43.89, '30': 47.78, '31': 51.67, '32': 77.22, '33': 49.44, '34': 59.44, '35': 88.33, '36': 81.11, '37': 58.33, '38': 91.11, '39': 84.44, '40': 72.22, '41': 86.11, '42': 91.67, '43': 92.22, 'old': 58.9, 'new': 80.11}
2024-01-15 15:06:22,329 [trainer.py] => CNN top1 curve: [87.48, 80.58, 71.73, 64.51]
2024-01-15 15:06:22,329 [trainer.py] => CNN top5 curve: [98.67, 97.49, 94.63, 91.25]
2024-01-15 15:06:22,329 [trainer.py] => NME top1 curve: [86.74, 80.56, 70.79, 63.62]
2024-01-15 15:06:22,329 [trainer.py] => NME top5 curve: [98.7, 98.27, 94.9, 92.49]

2024-01-15 15:06:22,329 [trainer.py] => All params: 21047417
2024-01-15 15:06:22,330 [trainer.py] => Trainable params: 21047417
2024-01-15 15:06:22,330 [wa.py] => Learning on 45-55
2024-01-15 15:43:03,350 [wa.py] => Task 1, Epoch 200/200 => Loss 0.014, Loss_clf 0.009, Loss_kd 0.018, Train_accy 100.00
2024-01-15 15:43:03,374 [base.py] => Constructing exemplars for new classes...(30 per classes)
2024-01-15 15:43:33,733 [wa.py] => Exemplar size: 750
2024-01-15 15:43:34,367 [trainer.py] => CNN: {'total': 78.89, '0': 91.11, '1': 65.0, '2': 76.11, '3': 67.78, '4': 71.11, '5': 59.44, '6': 50.0, '7': 57.22, '8': 53.33, '9': 45.0, '10': 86.11, '11': 90.56, '12': 77.78, '13': 63.89, '14': 75.0, '15': 94.44, '16': 97.78, '17': 96.11, '18': 95.56, '19': 95.0, '20': 93.33, '21': 86.11, '22': 95.0, '23': 96.67, 'old': 68.63, 'new': 94.28}
2024-01-15 15:43:34,367 [trainer.py] => NME: {'total': 78.44, '0': 93.33, '1': 63.89, '2': 72.78, '3': 66.67, '4': 70.0, '5': 53.89, '6': 44.44, '7': 52.22, '8': 52.78, '9': 55.0, '10': 85.0, '11': 92.78, '12': 75.0, '13': 70.0, '14': 78.89, '15': 93.89, '16': 98.89, '17': 92.22, '18': 95.56, '19': 92.78, '20': 95.0, '21': 91.67, '22': 92.22, '23': 93.33, 'old': 68.44, 'new': 93.44}
2024-01-15 15:43:34,367 [trainer.py] => CNN top1 curve: [87.48, 78.89]
2024-01-15 15:43:34,368 [trainer.py] => CNN top5 curve: [98.67, 97.29]
2024-01-15 15:43:34,368 [trainer.py] => NME top1 curve: [86.74, 78.44]
2024-01-15 15:43:34,368 [trainer.py] => NME top5 curve: [98.7, 97.87]

2024-01-15 15:43:34,368 [trainer.py] => All params: 21044837
2024-01-15 15:43:34,369 [trainer.py] => Trainable params: 21044837
2024-01-15 15:43:34,371 [wa.py] => Learning on 25-35
2024-01-15 16:16:32,250 [wa.py] => Task 4, Epoch 200/200 => Loss 1.920, Loss_clf 0.049, Loss_kd 2.335, Train_accy 99.98
2024-01-15 16:16:32,263 [base.py] => Constructing exemplars for new classes...(30 per classes)
2024-01-15 16:17:25,428 [wa.py] => Exemplar size: 1650
2024-01-15 16:17:26,102 [trainer.py] => CNN: {'total': 62.22, '0': 76.67, '1': 55.56, '2': 63.89, '3': 36.67, '4': 57.22, '5': 41.67, '6': 42.22, '7': 44.44, '8': 49.44, '9': 36.11, '10': 62.78, '11': 82.78, '12': 55.56, '13': 52.78, '14': 53.89, '15': 68.89, '16': 72.78, '17': 77.78, '18': 57.78, '19': 68.33, '20': 76.11, '21': 65.0, '22': 69.44, '23': 51.11, '24': 71.11, '25': 51.67, '26': 54.44, '27': 52.22, '28': 30.0, '29': 41.11, '30': 50.0, '31': 55.0, '32': 79.44, '33': 38.33, '34': 57.78, '35': 81.67, '36': 84.44, '37': 55.56, '38': 77.22, '39': 83.89, '40': 61.67, '41': 83.89, '42': 92.78, '43': 88.89, '44': 62.22, '45': 67.22, '46': 69.44, '47': 65.0, '48': 66.67, '49': 61.11, '50': 62.78, '51': 66.67, '52': 62.22, '53': 69.44, 'old': 61.6, 'new': 65.0}
2024-01-15 16:17:26,102 [trainer.py] => NME: {'total': 61.19, '0': 77.22, '1': 57.22, '2': 61.67, '3': 23.89, '4': 57.22, '5': 35.56, '6': 26.67, '7': 47.78, '8': 57.22, '9': 47.78, '10': 61.67, '11': 81.11, '12': 52.78, '13': 55.0, '14': 55.0, '15': 68.33, '16': 73.89, '17': 69.44, '18': 59.44, '19': 61.11, '20': 71.11, '21': 70.56, '22': 72.78, '23': 50.0, '24': 64.44, '25': 45.0, '26': 57.78, '27': 59.44, '28': 33.89, '29': 45.56, '30': 45.56, '31': 61.67, '32': 77.78, '33': 34.44, '34': 58.33, '35': 80.56, '36': 66.67, '37': 53.33, '38': 86.11, '39': 76.67, '40': 53.89, '41': 79.44, '42': 85.56, '43': 85.56, '44': 43.89, '45': 73.33, '46': 65.0, '47': 70.56, '48': 67.22, '49': 71.11, '50': 61.67, '51': 63.33, '52': 64.44, '53': 70.0, 'old': 59.78, 'new': 67.56}
2024-01-15 16:17:26,103 [trainer.py] => CNN top1 curve: [87.48, 80.58, 71.73, 64.51, 62.22]
2024-01-15 16:17:26,103 [trainer.py] => CNN top5 curve: [98.67, 97.49, 94.63, 91.25, 89.83]
2024-01-15 16:17:26,103 [trainer.py] => NME top1 curve: [86.74, 80.56, 70.79, 63.62, 61.19]
2024-01-15 16:17:26,103 [trainer.py] => NME top5 curve: [98.7, 98.27, 94.9, 92.49, 89.89]

2024-01-15 16:32:31,081 [wa.py] => Task 2, Epoch 200/200 => Loss 0.014, Loss_clf 0.013, Loss_kd 0.014, Train_accy 100.00
2024-01-15 16:32:31,083 [base.py] => Constructing exemplars for new classes...(30 per classes)
2024-01-15 16:33:07,098 [wa.py] => Exemplar size: 1050
2024-01-15 16:33:07,625 [trainer.py] => CNN: {'total': 71.63, '0': 89.44, '1': 56.67, '2': 67.22, '3': 50.56, '4': 65.0, '5': 45.0, '6': 37.78, '7': 58.89, '8': 56.67, '9': 43.89, '10': 70.56, '11': 83.33, '12': 65.56, '13': 58.89, '14': 56.11, '15': 81.11, '16': 85.0, '17': 77.22, '18': 78.89, '19': 74.44, '20': 86.67, '21': 72.78, '22': 74.44, '23': 71.67, '24': 73.33, '25': 76.67, '26': 84.44, '27': 91.11, '28': 67.78, '29': 76.11, '30': 82.22, '31': 83.89, '32': 98.89, '33': 77.78, 'old': 67.24, 'new': 82.61}
2024-01-15 16:33:07,625 [trainer.py] => NME: {'total': 70.02, '0': 83.89, '1': 56.11, '2': 64.44, '3': 51.11, '4': 67.78, '5': 37.22, '6': 35.0, '7': 57.22, '8': 56.11, '9': 50.56, '10': 75.56, '11': 91.11, '12': 62.78, '13': 61.11, '14': 53.89, '15': 82.22, '16': 83.89, '17': 70.0, '18': 76.67, '19': 68.33, '20': 78.89, '21': 77.78, '22': 70.0, '23': 49.44, '24': 66.67, '25': 78.33, '26': 86.67, '27': 92.78, '28': 69.44, '29': 75.0, '30': 80.0, '31': 85.0, '32': 96.67, '33': 72.78, 'old': 65.11, 'new': 82.28}
2024-01-15 16:33:07,626 [trainer.py] => CNN top1 curve: [87.48, 78.89, 71.63]
2024-01-15 16:33:07,626 [trainer.py] => CNN top5 curve: [98.67, 97.29, 94.08]
2024-01-15 16:33:07,626 [trainer.py] => NME top1 curve: [86.74, 78.44, 70.02]
2024-01-15 16:33:07,626 [trainer.py] => NME top5 curve: [98.7, 97.87, 95.02]

2024-01-15 16:33:07,627 [trainer.py] => All params: 21046127
2024-01-15 16:33:07,627 [trainer.py] => Trainable params: 21046127
2024-01-15 16:33:07,629 [wa.py] => Learning on 35-45
2024-01-15 17:17:14,334 [wa.py] => Task 3, Epoch 200/200 => Loss 0.041, Loss_clf 0.105, Loss_kd 0.023, Train_accy 99.66
2024-01-15 17:17:14,340 [base.py] => Constructing exemplars for new classes...(30 per classes)
2024-01-15 17:17:53,661 [wa.py] => Exemplar size: 1350
2024-01-15 17:17:54,236 [trainer.py] => CNN: {'total': 63.67, '0': 77.78, '1': 47.22, '2': 66.11, '3': 40.56, '4': 62.78, '5': 40.56, '6': 35.0, '7': 62.22, '8': 47.78, '9': 35.56, '10': 63.89, '11': 81.67, '12': 51.11, '13': 45.56, '14': 52.22, '15': 68.89, '16': 67.22, '17': 70.56, '18': 66.67, '19': 62.78, '20': 77.22, '21': 65.0, '22': 58.89, '23': 48.89, '24': 48.89, '25': 45.56, '26': 62.78, '27': 56.11, '28': 44.44, '29': 36.11, '30': 57.22, '31': 57.22, '32': 72.22, '33': 46.67, '34': 55.0, '35': 95.56, '36': 96.11, '37': 77.22, '38': 73.33, '39': 95.0, '40': 88.89, '41': 91.67, '42': 93.33, '43': 96.67, 'old': 56.52, 'new': 88.67}
2024-01-15 17:17:54,236 [trainer.py] => NME: {'total': 62.93, '0': 71.67, '1': 43.89, '2': 61.67, '3': 37.78, '4': 58.33, '5': 36.11, '6': 33.33, '7': 61.67, '8': 53.33, '9': 40.56, '10': 63.89, '11': 82.78, '12': 51.11, '13': 56.67, '14': 48.89, '15': 66.11, '16': 69.44, '17': 66.11, '18': 61.67, '19': 60.0, '20': 76.11, '21': 69.44, '22': 51.11, '23': 50.0, '24': 52.78, '25': 44.44, '26': 57.78, '27': 58.89, '28': 46.11, '29': 38.33, '30': 50.56, '31': 55.56, '32': 68.33, '33': 40.56, '34': 52.78, '35': 95.0, '36': 91.11, '37': 76.67, '38': 96.11, '39': 94.44, '40': 84.44, '41': 92.78, '42': 88.89, '43': 99.44, 'old': 55.37, 'new': 89.39}
2024-01-15 17:17:54,236 [trainer.py] => CNN top1 curve: [87.48, 78.89, 71.63, 63.67]
2024-01-15 17:17:54,236 [trainer.py] => CNN top5 curve: [98.67, 97.29, 94.08, 89.72]
2024-01-15 17:17:54,237 [trainer.py] => NME top1 curve: [86.74, 78.44, 70.02, 62.93]
2024-01-15 17:17:54,237 [trainer.py] => NME top5 curve: [98.7, 97.87, 95.02, 90.99]

2024-01-15 17:17:54,237 [trainer.py] => All params: 21047417
2024-01-15 17:17:54,238 [trainer.py] => Trainable params: 21047417
2024-01-15 17:17:54,239 [wa.py] => Learning on 45-55
2024-01-15 18:07:27,834 [wa.py] => Task 4, Epoch 200/200 => Loss 0.016, Loss_clf 0.035, Loss_kd 0.012, Train_accy 100.00
2024-01-15 18:07:27,837 [base.py] => Constructing exemplars for new classes...(30 per classes)
2024-01-15 18:08:14,906 [wa.py] => Exemplar size: 1650
2024-01-15 18:08:15,489 [trainer.py] => CNN: {'total': 62.72, '0': 75.0, '1': 52.78, '2': 62.78, '3': 34.44, '4': 57.78, '5': 37.78, '6': 36.67, '7': 57.22, '8': 52.78, '9': 40.0, '10': 62.22, '11': 76.67, '12': 53.33, '13': 47.78, '14': 46.67, '15': 67.78, '16': 66.67, '17': 61.67, '18': 60.0, '19': 64.44, '20': 76.67, '21': 69.44, '22': 62.22, '23': 48.33, '24': 58.89, '25': 45.56, '26': 65.56, '27': 57.22, '28': 36.67, '29': 40.56, '30': 55.0, '31': 59.44, '32': 71.67, '33': 46.11, '34': 48.89, '35': 80.56, '36': 80.56, '37': 57.22, '38': 89.44, '39': 80.56, '40': 68.33, '41': 86.67, '42': 87.22, '43': 95.0, '44': 65.56, '45': 71.67, '46': 76.67, '47': 68.89, '48': 70.56, '49': 67.78, '50': 71.67, '51': 73.33, '52': 63.33, '53': 68.89, 'old': 61.06, 'new': 70.17}
2024-01-15 18:08:15,490 [trainer.py] => NME: {'total': 62.77, '0': 78.89, '1': 50.56, '2': 57.22, '3': 23.33, '4': 56.11, '5': 35.0, '6': 36.11, '7': 56.67, '8': 56.67, '9': 38.33, '10': 58.33, '11': 78.33, '12': 45.56, '13': 53.33, '14': 46.67, '15': 68.89, '16': 66.67, '17': 58.89, '18': 57.78, '19': 65.0, '20': 71.11, '21': 67.22, '22': 59.44, '23': 48.33, '24': 57.78, '25': 46.67, '26': 62.22, '27': 58.33, '28': 37.22, '29': 37.78, '30': 49.44, '31': 56.67, '32': 71.11, '33': 38.33, '34': 49.44, '35': 83.89, '36': 71.11, '37': 55.56, '38': 89.44, '39': 75.56, '40': 60.0, '41': 84.44, '42': 87.22, '43': 93.33, '44': 45.0, '45': 84.44, '46': 84.44, '47': 82.22, '48': 81.67, '49': 77.78, '50': 83.89, '51': 81.11, '52': 74.44, '53': 81.11, 'old': 58.78, 'new': 80.72}
2024-01-15 18:08:15,490 [trainer.py] => CNN top1 curve: [87.48, 78.89, 71.63, 63.67, 62.72]
2024-01-15 18:08:15,490 [trainer.py] => CNN top5 curve: [98.67, 97.29, 94.08, 89.72, 88.95]
2024-01-15 18:08:15,490 [trainer.py] => NME top1 curve: [86.74, 78.44, 70.02, 62.93, 62.77]
2024-01-15 18:08:15,490 [trainer.py] => NME top5 curve: [98.7, 97.87, 95.02, 90.99, 89.55]

2024-01-18 19:33:22,379 [trainer.py] => 实验名称:WiFi,打印测试
2024-01-18 19:33:22,402 [trainer.py] => config: ./exps/wa.json
2024-01-18 19:33:22,402 [trainer.py] => experiment_name: 实验名称:WiFi,打印测试
2024-01-18 19:33:22,403 [trainer.py] => prefix: reproduce
2024-01-18 19:33:22,403 [trainer.py] => dataset: xrfdataset
2024-01-18 19:33:22,403 [trainer.py] => memory_size: 1650
2024-01-18 19:33:22,403 [trainer.py] => memory_per_class: 30
2024-01-18 19:33:22,403 [trainer.py] => fixed_memory: True
2024-01-18 19:33:22,403 [trainer.py] => shuffle: True
2024-01-18 19:33:22,403 [trainer.py] => init_cls: 15
2024-01-18 19:33:22,403 [trainer.py] => increment: 10
2024-01-18 19:33:22,403 [trainer.py] => model_name: wa
2024-01-18 19:33:22,403 [trainer.py] => convnet_type: unet
2024-01-18 19:33:22,403 [trainer.py] => device: [device(type='cuda', index=1)]
2024-01-18 19:33:22,403 [trainer.py] => seed: 1993
2024-01-18 19:33:22,435 [data.py] => 加载完毕XRF原始数据集
2024-01-18 19:33:22,461 [data.py] => 加载完毕XRF原始数据集
2024-01-18 19:33:22,633 [trainer.py] => All params: 21041612
2024-01-18 19:33:22,634 [trainer.py] => Trainable params: 21041612
2024-01-18 19:33:22,634 [wa.py] => Learning on 0-15
2024-01-18 19:34:00,314 [wa.py] => Task 0, Epoch 1/1 => Loss 2.471, Train_accy 15.81, Test_accy 16.52
2024-01-18 19:34:00,315 [base.py] => Constructing exemplars for new classes...(30 per classes)
2025-02-05 18:30:04,271 [trainer.py] => 实验名称:only_kd不扩充对比实验
2025-02-05 18:30:04,295 [trainer.py] => config: ./exps/wa.json
2025-02-05 18:30:04,295 [trainer.py] => experiment_name: 实验名称:only_kd不扩充对比实验
2025-02-05 18:30:04,296 [trainer.py] => prefix: reproduce
2025-02-05 18:30:04,296 [trainer.py] => dataset: xrfdataset
2025-02-05 18:30:04,296 [trainer.py] => memory_size: 1650
2025-02-05 18:30:04,296 [trainer.py] => memory_per_class: 30
2025-02-05 18:30:04,296 [trainer.py] => fixed_memory: True
2025-02-05 18:30:04,296 [trainer.py] => shuffle: True
2025-02-05 18:30:04,296 [trainer.py] => init_cls: 15
2025-02-05 18:30:04,296 [trainer.py] => increment: 10
2025-02-05 18:30:04,296 [trainer.py] => model_name: wa
2025-02-05 18:30:04,296 [trainer.py] => convnet_type: unet
2025-02-05 18:30:04,296 [trainer.py] => device: [device(type='cuda', index=1)]
2025-02-05 18:30:04,296 [trainer.py] => seed: 1993
2025-02-05 18:30:04,335 [data.py] => 加载完毕XRF原始数据集
2025-02-05 18:30:04,342 [data.py] => 加载完毕XRF原始数据集
2025-02-05 18:30:04,512 [trainer.py] => All params: 21041612
2025-02-05 18:30:04,512 [trainer.py] => Trainable params: 21041612
2025-02-05 18:30:04,512 [wa.py] => Learning on 0-15
2025-02-05 18:32:16,583 [wa.py] => Task 0, Epoch 1/1 => Loss 2.471, Train_accy 15.81, Test_accy 16.52
2025-02-05 18:32:16,584 [base.py] => Constructing exemplars for new classes...(30 per classes)
2025-02-05 18:32:36,665 [wa.py] => Exemplar size: 450
2025-02-05 18:32:36,665 [trainer.py] => CNN: {'total': 16.52, '0': 12.78, '1': 40.0, '2': 18.33, '3': 0.56, '4': 1.67, '5': 1.67, '6': 7.78, '7': 0.0, '8': 40.56, '9': 2.78, '10': 32.22, '11': 62.22, '12': 15.0, '13': 0.0, 'old': 0, 'new': 16.52}
2025-02-05 18:32:36,665 [trainer.py] => NME: {'total': 17.48, '0': 10.56, '1': 8.33, '2': 38.33, '3': 1.11, '4': 20.0, '5': 10.56, '6': 0.0, '7': 5.0, '8': 40.56, '9': 3.33, '10': 32.22, '11': 40.0, '12': 6.67, '13': 4.44, 'old': 0, 'new': 17.48}
2025-02-05 18:32:36,665 [trainer.py] => CNN top1 curve: [16.52]
2025-02-05 18:32:36,665 [trainer.py] => CNN top5 curve: [62.15]
2025-02-05 18:32:36,665 [trainer.py] => NME top1 curve: [17.48]
2025-02-05 18:32:36,665 [trainer.py] => NME top5 curve: [64.33]

2025-02-05 18:32:36,666 [trainer.py] => All params: 21043547
2025-02-05 18:32:36,666 [trainer.py] => Trainable params: 21043547
2025-02-05 18:32:36,667 [wa.py] => Learning on 15-25
2025-02-05 18:34:16,572 [wa.py] => Task 1, Epoch 1/1 => Loss 1.076, Loss_clf 2.606, Loss_kd 0.056, Train_accy 18.26, Test_accy 11.58
2025-02-05 18:34:16,573 [base.py] => Constructing exemplars for new classes...(30 per classes)
2025-02-05 18:34:38,180 [wa.py] => Exemplar size: 750
2025-02-05 18:34:38,180 [trainer.py] => CNN: {'total': 11.58, '0': 0.0, '1': 0.0, '2': 0.0, '3': 0.0, '4': 0.0, '5': 0.0, '6': 0.0, '7': 0.0, '8': 0.0, '9': 0.0, '10': 0.0, '11': 0.0, '12': 0.0, '13': 0.0, '14': 0.0, '15': 20.0, '16': 14.44, '17': 40.0, '18': 21.11, '19': 23.33, '20': 6.67, '21': 18.33, '22': 32.78, '23': 85.0, 'old': 0.0, 'new': 28.94}
2025-02-05 18:34:38,180 [trainer.py] => NME: {'total': 14.78, '0': 17.22, '1': 6.67, '2': 23.33, '3': 5.56, '4': 1.11, '5': 7.78, '6': 13.33, '7': 19.44, '8': 16.67, '9': 13.89, '10': 36.11, '11': 53.89, '12': 17.22, '13': 10.56, '14': 23.33, '15': 22.22, '16': 6.67, '17': 22.22, '18': 11.11, '19': 6.67, '20': 0.56, '21': 2.22, '22': 0.0, '23': 13.89, 'old': 17.74, 'new': 10.33}
2025-02-05 18:34:38,180 [trainer.py] => CNN top1 curve: [16.52, 11.58]
2025-02-05 18:34:38,180 [trainer.py] => CNN top5 curve: [62.15, 32.31]
2025-02-05 18:34:38,181 [trainer.py] => NME top1 curve: [17.48, 14.78]
2025-02-05 18:34:38,181 [trainer.py] => NME top5 curve: [64.33, 50.69]

2025-02-05 18:34:38,181 [trainer.py] => All params: 21044837
2025-02-05 18:34:38,181 [trainer.py] => Trainable params: 21044837
2025-02-05 18:34:38,181 [wa.py] => Learning on 25-35
2025-02-05 18:34:51,908 [wa.py] => Task 2, Epoch 1/1 => Loss 0.826, Loss_clf 2.857, Loss_kd 0.013, Train_accy 17.43, Test_accy 8.43
2025-02-05 18:34:51,909 [base.py] => Constructing exemplars for new classes...(30 per classes)
2025-02-05 18:35:19,574 [wa.py] => Exemplar size: 1050
2025-02-05 18:35:19,574 [trainer.py] => CNN: {'total': 8.43, '0': 0.0, '1': 0.0, '2': 0.0, '3': 0.0, '4': 0.0, '5': 0.0, '6': 0.0, '7': 0.0, '8': 0.0, '9': 0.0, '10': 0.0, '11': 0.0, '12': 0.0, '13': 0.0, '14': 0.0, '15': 0.0, '16': 0.0, '17': 0.0, '18': 0.0, '19': 0.0, '20': 0.0, '21': 0.0, '22': 0.0, '23': 0.0, '24': 0.0, '25': 36.11, '26': 32.78, '27': 43.89, '28': 6.67, '29': 10.0, '30': 13.33, '31': 16.11, '32': 76.67, '33': 28.89, 'old': 0.0, 'new': 29.5}
2025-02-05 18:35:19,574 [trainer.py] => NME: {'total': 10.75, '0': 23.33, '1': 0.56, '2': 15.0, '3': 13.33, '4': 2.22, '5': 1.11, '6': 10.0, '7': 17.22, '8': 18.89, '9': 6.67, '10': 25.0, '11': 33.89, '12': 10.56, '13': 11.11, '14': 3.89, '15': 6.67, '16': 3.33, '17': 10.0, '18': 7.22, '19': 3.89, '20': 0.56, '21': 3.33, '22': 16.11, '23': 1.11, '24': 3.89, '25': 33.89, '26': 5.0, '27': 13.33, '28': 7.78, '29': 3.89, '30': 2.78, '31': 24.44, '32': 27.78, '33': 5.0, 'old': 9.96, 'new': 12.72}
2025-02-05 18:35:19,574 [trainer.py] => CNN top1 curve: [16.52, 11.58, 8.43]
2025-02-05 18:35:19,574 [trainer.py] => CNN top5 curve: [62.15, 32.31, 24.41]
2025-02-05 18:35:19,575 [trainer.py] => NME top1 curve: [17.48, 14.78, 10.75]
2025-02-05 18:35:19,575 [trainer.py] => NME top5 curve: [64.33, 50.69, 41.03]

2025-02-05 18:35:19,575 [trainer.py] => All params: 21046127
2025-02-05 18:35:19,575 [trainer.py] => Trainable params: 21046127
2025-02-05 18:35:19,575 [wa.py] => Learning on 35-45
2025-02-05 18:35:35,703 [wa.py] => Task 3, Epoch 1/1 => Loss 0.704, Loss_clf 3.140, Loss_kd 0.008, Train_accy 14.13, Test_accy 5.21
2025-02-05 18:35:35,705 [base.py] => Constructing exemplars for new classes...(30 per classes)
2025-02-05 18:36:09,203 [wa.py] => Exemplar size: 1350
2025-02-05 18:36:09,203 [trainer.py] => CNN: {'total': 5.21, '0': 0.0, '1': 0.0, '2': 0.0, '3': 0.0, '4': 0.0, '5': 0.0, '6': 0.0, '7': 0.0, '8': 0.0, '9': 0.0, '10': 0.0, '11': 0.0, '12': 0.0, '13': 0.0, '14': 0.0, '15': 0.0, '16': 0.0, '17': 0.0, '18': 0.0, '19': 0.0, '20': 0.0, '21': 0.0, '22': 0.0, '23': 0.0, '24': 0.0, '25': 0.0, '26': 0.0, '27': 0.0, '28': 0.0, '29': 0.0, '30': 0.0, '31': 0.0, '32': 0.0, '33': 0.0, '34': 0.0, '35': 26.67, '36': 6.11, '37': 20.56, '38': 30.0, '39': 55.0, '40': 19.44, '41': 26.67, '42': 9.44, '43': 26.11, 'old': 0.0, 'new': 23.44}
2025-02-05 18:36:09,203 [trainer.py] => NME: {'total': 7.83, '0': 12.22, '1': 0.56, '2': 10.0, '3': 5.56, '4': 18.33, '5': 0.0, '6': 7.22, '7': 11.67, '8': 1.11, '9': 1.67, '10': 18.33, '11': 22.22, '12': 4.44, '13': 1.67, '14': 5.56, '15': 3.89, '16': 3.33, '17': 12.22, '18': 5.0, '19': 6.67, '20': 0.56, '21': 2.78, '22': 16.11, '23': 5.0, '24': 0.0, '25': 19.44, '26': 0.0, '27': 5.56, '28': 6.67, '29': 4.44, '30': 0.0, '31': 1.11, '32': 31.11, '33': 4.44, '34': 0.0, '35': 3.33, '36': 6.67, '37': 0.56, '38': 20.0, '39': 12.22, '40': 7.22, '41': 12.78, '42': 33.33, '43': 0.0, 'old': 7.11, 'new': 10.33}
2025-02-05 18:36:09,203 [trainer.py] => CNN top1 curve: [16.52, 11.58, 8.43, 5.21]
2025-02-05 18:36:09,203 [trainer.py] => CNN top5 curve: [62.15, 32.31, 24.41, 18.93]
2025-02-05 18:36:09,203 [trainer.py] => NME top1 curve: [17.48, 14.78, 10.75, 7.83]
2025-02-05 18:36:09,203 [trainer.py] => NME top5 curve: [64.33, 50.69, 41.03, 31.64]

2025-02-05 18:36:09,203 [trainer.py] => All params: 21047417
2025-02-05 18:36:09,204 [trainer.py] => Trainable params: 21047417
2025-02-05 18:36:09,204 [wa.py] => Learning on 45-55
2025-02-05 18:36:26,353 [wa.py] => Task 4, Epoch 1/1 => Loss 0.644, Loss_clf 3.517, Loss_kd 0.006, Train_accy 7.17, Test_accy 3.09
2025-02-05 18:36:26,354 [base.py] => Constructing exemplars for new classes...(30 per classes)
2025-02-05 18:37:05,311 [wa.py] => Exemplar size: 1650
2025-02-05 18:37:05,312 [trainer.py] => CNN: {'total': 3.09, '0': 0.0, '1': 0.0, '2': 0.0, '3': 0.0, '4': 0.0, '5': 0.0, '6': 0.0, '7': 0.0, '8': 0.0, '9': 0.0, '10': 0.0, '11': 0.0, '12': 0.0, '13': 0.0, '14': 0.0, '15': 0.0, '16': 0.0, '17': 0.0, '18': 0.0, '19': 0.0, '20': 0.0, '21': 0.0, '22': 0.0, '23': 0.0, '24': 0.0, '25': 0.0, '26': 0.0, '27': 0.0, '28': 0.0, '29': 0.0, '30': 0.0, '31': 0.0, '32': 0.0, '33': 0.0, '34': 0.0, '35': 0.0, '36': 0.0, '37': 0.0, '38': 0.0, '39': 0.0, '40': 0.0, '41': 0.0, '42': 0.0, '43': 0.0, '44': 0.0, '45': 17.22, '46': 22.78, '47': 27.78, '48': 0.0, '49': 6.67, '50': 4.44, '51': 42.78, '52': 17.22, '53': 19.44, 'old': 0.0, 'new': 17.0}
2025-02-05 18:37:05,312 [trainer.py] => NME: {'total': 6.75, '0': 3.33, '1': 0.0, '2': 5.56, '3': 2.78, '4': 6.67, '5': 1.11, '6': 16.67, '7': 11.11, '8': 0.56, '9': 0.0, '10': 17.22, '11': 32.22, '12': 3.33, '13': 7.78, '14': 7.22, '15': 3.89, '16': 5.56, '17': 7.22, '18': 1.11, '19': 4.44, '20': 3.33, '21': 3.33, '22': 14.44, '23': 9.44, '24': 6.67, '25': 18.33, '26': 0.0, '27': 5.0, '28': 6.67, '29': 5.56, '30': 0.56, '31': 1.11, '32': 20.56, '33': 2.78, '34': 0.56, '35': 2.22, '36': 7.22, '37': 1.11, '38': 10.56, '39': 22.78, '40': 3.33, '41': 17.22, '42': 19.44, '43': 2.22, '44': 0.0, '45': 16.67, '46': 1.11, '47': 6.67, '48': 0.0, '49': 0.0, '50': 4.44, '51': 18.89, '52': 0.0, '53': 1.11, 'old': 7.16, 'new': 4.89}
2025-02-05 18:37:05,312 [trainer.py] => CNN top1 curve: [16.52, 11.58, 8.43, 5.21, 3.09]
2025-02-05 18:37:05,312 [trainer.py] => CNN top5 curve: [62.15, 32.31, 24.41, 18.93, 11.88]
2025-02-05 18:37:05,312 [trainer.py] => NME top1 curve: [17.48, 14.78, 10.75, 7.83, 6.75]
2025-02-05 18:37:05,312 [trainer.py] => NME top5 curve: [64.33, 50.69, 41.03, 31.64, 28.57]

2025-02-05 18:41:24,900 [trainer.py] => 实验名称:only_kd不扩充对比实验
2025-02-05 18:41:24,900 [trainer.py] => config: ./exps/wa.json
2025-02-05 18:41:24,900 [trainer.py] => experiment_name: 实验名称:only_kd不扩充对比实验
2025-02-05 18:41:24,900 [trainer.py] => prefix: reproduce
2025-02-05 18:41:24,900 [trainer.py] => dataset: xrfdataset
2025-02-05 18:41:24,900 [trainer.py] => memory_size: 1650
2025-02-05 18:41:24,900 [trainer.py] => memory_per_class: 30
2025-02-05 18:41:24,900 [trainer.py] => fixed_memory: True
2025-02-05 18:41:24,900 [trainer.py] => shuffle: True
2025-02-05 18:41:24,900 [trainer.py] => init_cls: 15
2025-02-05 18:41:24,900 [trainer.py] => increment: 10
2025-02-05 18:41:24,900 [trainer.py] => model_name: wa
2025-02-05 18:41:24,901 [trainer.py] => convnet_type: unet
2025-02-05 18:41:24,901 [trainer.py] => device: [device(type='cuda', index=1)]
2025-02-05 18:41:24,901 [trainer.py] => seed: 1993
2025-02-05 18:41:24,912 [data.py] => 加载完毕XRF原始数据集
2025-02-05 18:41:24,917 [data.py] => 加载完毕XRF原始数据集
2025-02-05 18:41:25,086 [trainer.py] => All params: 21041612
2025-02-05 18:41:25,086 [trainer.py] => Trainable params: 21041612
2025-02-05 18:41:25,086 [wa.py] => Learning on 0-15
2025-02-05 19:12:29,752 [wa.py] => Task 0, Epoch 200/200 => Loss 0.014, Train_accy 99.94
2025-02-05 19:12:29,753 [base.py] => Constructing exemplars for new classes...(30 per classes)
2025-02-05 19:12:49,071 [wa.py] => Exemplar size: 450
2025-02-05 19:12:49,071 [trainer.py] => CNN: {'total': 87.48, '0': 100.0, '1': 92.78, '2': 95.0, '3': 82.78, '4': 88.89, '5': 75.56, '6': 75.0, '7': 92.22, '8': 87.22, '9': 55.56, '10': 96.11, '11': 99.44, '12': 89.44, '13': 90.56, 'old': 0, 'new': 87.48}
2025-02-05 19:12:49,071 [trainer.py] => NME: {'total': 86.74, '0': 100.0, '1': 91.67, '2': 94.44, '3': 77.78, '4': 86.67, '5': 76.67, '6': 72.78, '7': 92.22, '8': 84.44, '9': 56.11, '10': 95.0, '11': 99.44, '12': 90.0, '13': 92.22, 'old': 0, 'new': 86.74}
2025-02-05 19:12:49,071 [trainer.py] => CNN top1 curve: [87.48]
2025-02-05 19:12:49,071 [trainer.py] => CNN top5 curve: [98.67]
2025-02-05 19:12:49,071 [trainer.py] => NME top1 curve: [86.74]
2025-02-05 19:12:49,071 [trainer.py] => NME top5 curve: [98.7]

2025-02-05 19:12:49,071 [trainer.py] => All params: 21043547
2025-02-05 19:12:49,072 [trainer.py] => Trainable params: 21043547
2025-02-05 19:12:49,072 [wa.py] => Learning on 15-25
2025-02-05 19:42:07,403 [wa.py] => Task 1, Epoch 200/200 => Loss 0.014, Loss_clf 0.009, Loss_kd 0.018, Train_accy 100.00
2025-02-05 19:42:07,403 [base.py] => Constructing exemplars for new classes...(30 per classes)
2025-02-05 19:42:28,881 [wa.py] => Exemplar size: 750
2025-02-05 19:42:28,881 [trainer.py] => CNN: {'total': 74.6, '0': 73.33, '1': 50.0, '2': 74.44, '3': 59.44, '4': 68.89, '5': 48.89, '6': 50.0, '7': 37.22, '8': 34.44, '9': 43.33, '10': 83.89, '11': 88.33, '12': 73.33, '13': 60.0, '14': 67.22, '15': 95.0, '16': 98.89, '17': 96.11, '18': 96.67, '19': 95.56, '20': 94.44, '21': 86.67, '22': 96.11, '23': 98.89, 'old': 60.85, 'new': 95.22}
2025-02-05 19:42:28,881 [trainer.py] => NME: {'total': 78.44, '0': 93.33, '1': 63.89, '2': 72.78, '3': 66.67, '4': 70.0, '5': 53.89, '6': 44.44, '7': 52.22, '8': 52.78, '9': 55.0, '10': 85.0, '11': 92.78, '12': 75.0, '13': 70.0, '14': 78.89, '15': 93.89, '16': 98.89, '17': 92.22, '18': 95.56, '19': 92.78, '20': 95.0, '21': 91.67, '22': 92.22, '23': 93.33, 'old': 68.44, 'new': 93.44}
2025-02-05 19:42:28,881 [trainer.py] => CNN top1 curve: [87.48, 74.6]
2025-02-05 19:42:28,881 [trainer.py] => CNN top5 curve: [98.67, 96.91]
2025-02-05 19:42:28,881 [trainer.py] => NME top1 curve: [86.74, 78.44]
2025-02-05 19:42:28,881 [trainer.py] => NME top5 curve: [98.7, 97.87]

2025-02-05 19:42:28,882 [trainer.py] => All params: 21044837
2025-02-05 19:42:28,882 [trainer.py] => Trainable params: 21044837
2025-02-05 19:42:28,882 [wa.py] => Learning on 25-35
2025-02-05 20:14:24,053 [wa.py] => Task 2, Epoch 200/200 => Loss 0.014, Loss_clf 0.013, Loss_kd 0.014, Train_accy 100.00
2025-02-05 20:14:24,054 [base.py] => Constructing exemplars for new classes...(30 per classes)
2025-02-05 20:14:51,012 [wa.py] => Exemplar size: 1050
2025-02-05 20:14:51,012 [trainer.py] => CNN: {'total': 66.73, '0': 71.67, '1': 44.44, '2': 62.78, '3': 40.0, '4': 63.33, '5': 25.0, '6': 37.22, '7': 45.56, '8': 44.44, '9': 40.56, '10': 63.89, '11': 73.33, '12': 61.67, '13': 53.33, '14': 33.89, '15': 78.89, '16': 72.22, '17': 75.0, '18': 75.56, '19': 72.78, '20': 85.0, '21': 70.56, '22': 53.89, '23': 42.78, '24': 48.33, '25': 86.11, '26': 95.0, '27': 95.56, '28': 80.0, '29': 89.44, '30': 90.0, '31': 91.11, '32': 100.0, '33': 82.78, 'old': 57.44, 'new': 89.94}
2025-02-05 20:14:51,012 [trainer.py] => NME: {'total': 70.02, '0': 83.89, '1': 56.11, '2': 64.44, '3': 51.11, '4': 67.78, '5': 37.22, '6': 35.0, '7': 57.22, '8': 56.11, '9': 50.56, '10': 75.56, '11': 91.11, '12': 62.78, '13': 61.11, '14': 53.89, '15': 82.22, '16': 83.89, '17': 70.0, '18': 76.67, '19': 68.33, '20': 78.89, '21': 77.78, '22': 70.0, '23': 49.44, '24': 66.67, '25': 78.33, '26': 86.67, '27': 92.78, '28': 69.44, '29': 75.0, '30': 80.0, '31': 85.0, '32': 96.67, '33': 72.78, 'old': 65.11, 'new': 82.28}
2025-02-05 20:14:51,012 [trainer.py] => CNN top1 curve: [87.48, 74.6, 66.73]
2025-02-05 20:14:51,012 [trainer.py] => CNN top5 curve: [98.67, 96.91, 93.11]
2025-02-05 20:14:51,012 [trainer.py] => NME top1 curve: [86.74, 78.44, 70.02]
2025-02-05 20:14:51,012 [trainer.py] => NME top5 curve: [98.7, 97.87, 95.02]

2025-02-05 20:14:51,013 [trainer.py] => All params: 21046127
2025-02-05 20:14:51,013 [trainer.py] => Trainable params: 21046127
2025-02-05 20:14:51,013 [wa.py] => Learning on 35-45
2025-02-05 20:49:00,180 [wa.py] => Task 3, Epoch 200/200 => Loss 0.041, Loss_clf 0.105, Loss_kd 0.023, Train_accy 99.66
2025-02-05 20:49:00,180 [base.py] => Constructing exemplars for new classes...(30 per classes)
2025-02-05 20:49:32,590 [wa.py] => Exemplar size: 1350
2025-02-05 20:49:32,590 [trainer.py] => CNN: {'total': 59.73, '0': 56.11, '1': 43.89, '2': 62.78, '3': 30.56, '4': 56.11, '5': 36.67, '6': 35.0, '7': 50.56, '8': 41.67, '9': 33.33, '10': 54.44, '11': 66.67, '12': 48.89, '13': 40.56, '14': 47.22, '15': 67.78, '16': 65.56, '17': 65.56, '18': 66.11, '19': 62.78, '20': 76.67, '21': 61.11, '22': 53.89, '23': 41.67, '24': 46.67, '25': 41.11, '26': 57.22, '27': 54.44, '28': 41.67, '29': 29.44, '30': 54.44, '31': 51.11, '32': 50.56, '33': 16.11, '34': 33.89, '35': 97.78, '36': 96.11, '37': 86.11, '38': 99.44, '39': 97.78, '40': 93.33, '41': 96.11, '42': 95.0, '43': 100.0, 'old': 49.78, 'new': 94.56}
2025-02-05 20:49:32,590 [trainer.py] => NME: {'total': 62.93, '0': 71.67, '1': 43.89, '2': 61.67, '3': 37.78, '4': 58.33, '5': 36.11, '6': 33.33, '7': 61.67, '8': 53.33, '9': 40.56, '10': 63.89, '11': 82.78, '12': 51.11, '13': 56.67, '14': 48.89, '15': 66.11, '16': 69.44, '17': 66.11, '18': 61.67, '19': 60.0, '20': 76.11, '21': 69.44, '22': 51.11, '23': 50.0, '24': 52.78, '25': 44.44, '26': 57.78, '27': 58.89, '28': 46.11, '29': 38.33, '30': 50.56, '31': 55.56, '32': 68.33, '33': 40.56, '34': 52.78, '35': 95.0, '36': 91.11, '37': 76.67, '38': 96.11, '39': 94.44, '40': 84.44, '41': 92.78, '42': 88.89, '43': 99.44, 'old': 55.37, 'new': 89.39}
2025-02-05 20:49:32,590 [trainer.py] => CNN top1 curve: [87.48, 74.6, 66.73, 59.73]
2025-02-05 20:49:32,590 [trainer.py] => CNN top5 curve: [98.67, 96.91, 93.11, 88.35]
2025-02-05 20:49:32,590 [trainer.py] => NME top1 curve: [86.74, 78.44, 70.02, 62.93]
2025-02-05 20:49:32,590 [trainer.py] => NME top5 curve: [98.7, 97.87, 95.02, 90.99]

2025-02-05 20:49:32,590 [trainer.py] => All params: 21047417
2025-02-05 20:49:32,590 [trainer.py] => Trainable params: 21047417
2025-02-05 20:49:32,591 [wa.py] => Learning on 45-55
2025-02-05 21:26:26,160 [wa.py] => Task 4, Epoch 200/200 => Loss 0.016, Loss_clf 0.035, Loss_kd 0.012, Train_accy 100.00
2025-02-05 21:26:26,161 [base.py] => Constructing exemplars for new classes...(30 per classes)
2025-02-05 21:27:04,510 [wa.py] => Exemplar size: 1650
2025-02-05 21:27:04,510 [trainer.py] => CNN: {'total': 62.27, '0': 75.0, '1': 52.22, '2': 60.0, '3': 18.33, '4': 50.0, '5': 36.67, '6': 31.67, '7': 48.33, '8': 52.78, '9': 32.78, '10': 50.0, '11': 76.11, '12': 47.78, '13': 46.11, '14': 46.11, '15': 67.78, '16': 66.67, '17': 57.78, '18': 60.0, '19': 64.44, '20': 75.0, '21': 69.44, '22': 61.11, '23': 47.22, '24': 58.33, '25': 43.89, '26': 58.33, '27': 55.56, '28': 33.33, '29': 38.89, '30': 53.33, '31': 58.33, '32': 70.0, '33': 42.22, '34': 43.89, '35': 74.44, '36': 74.44, '37': 38.89, '38': 89.44, '39': 78.33, '40': 37.78, '41': 85.0, '42': 83.33, '43': 91.11, '44': 31.67, '45': 91.67, '46': 91.11, '47': 91.11, '48': 88.89, '49': 85.56, '50': 87.22, '51': 87.78, '52': 88.89, '53': 87.78, 'old': 56.31, 'new': 89.11}
2025-02-05 21:27:04,510 [trainer.py] => NME: {'total': 62.77, '0': 78.89, '1': 50.56, '2': 57.22, '3': 23.33, '4': 56.11, '5': 35.0, '6': 36.11, '7': 56.67, '8': 56.67, '9': 38.33, '10': 58.33, '11': 78.33, '12': 45.56, '13': 53.33, '14': 46.67, '15': 68.89, '16': 66.67, '17': 58.89, '18': 57.78, '19': 65.0, '20': 71.11, '21': 67.22, '22': 59.44, '23': 48.33, '24': 57.78, '25': 46.67, '26': 62.22, '27': 58.33, '28': 37.22, '29': 37.78, '30': 49.44, '31': 56.67, '32': 71.11, '33': 38.33, '34': 49.44, '35': 83.89, '36': 71.11, '37': 55.56, '38': 89.44, '39': 75.56, '40': 60.0, '41': 84.44, '42': 87.22, '43': 93.33, '44': 45.0, '45': 84.44, '46': 84.44, '47': 82.22, '48': 81.67, '49': 77.78, '50': 83.89, '51': 81.11, '52': 74.44, '53': 81.11, 'old': 58.78, 'new': 80.72}
2025-02-05 21:27:04,510 [trainer.py] => CNN top1 curve: [87.48, 74.6, 66.73, 59.73, 62.27]
2025-02-05 21:27:04,510 [trainer.py] => CNN top5 curve: [98.67, 96.91, 93.11, 88.35, 87.54]
2025-02-05 21:27:04,510 [trainer.py] => NME top1 curve: [86.74, 78.44, 70.02, 62.93, 62.77]
2025-02-05 21:27:04,510 [trainer.py] => NME top5 curve: [98.7, 97.87, 95.02, 90.99, 89.55]

2025-02-05 22:45:46,936 [trainer.py] => 实验名称:only_kd不扩充对比实验
2025-02-05 22:45:46,936 [trainer.py] => config: ./exps/wa.json
2025-02-05 22:45:46,936 [trainer.py] => experiment_name: 实验名称:only_kd不扩充对比实验
2025-02-05 22:45:46,937 [trainer.py] => prefix: reproduce
2025-02-05 22:45:46,937 [trainer.py] => dataset: xrfdataset
2025-02-05 22:45:46,937 [trainer.py] => memory_size: 1650
2025-02-05 22:45:46,937 [trainer.py] => memory_per_class: 30
2025-02-05 22:45:46,937 [trainer.py] => fixed_memory: True
2025-02-05 22:45:46,937 [trainer.py] => shuffle: True
2025-02-05 22:45:46,937 [trainer.py] => init_cls: 15
2025-02-05 22:45:46,937 [trainer.py] => increment: 10
2025-02-05 22:45:46,937 [trainer.py] => model_name: wa
2025-02-05 22:45:46,937 [trainer.py] => convnet_type: unet
2025-02-05 22:45:46,937 [trainer.py] => device: [device(type='cuda', index=1)]
2025-02-05 22:45:46,937 [trainer.py] => seed: 1993
2025-02-05 22:45:46,949 [data.py] => 加载完毕XRF原始数据集
2025-02-05 22:45:46,954 [data.py] => 加载完毕XRF原始数据集
2025-02-05 22:45:47,121 [trainer.py] => All params: 21041612
2025-02-05 22:45:47,121 [trainer.py] => Trainable params: 21041612
2025-02-05 22:45:47,121 [wa.py] => Learning on 0-15
2025-02-05 23:14:57,729 [wa.py] => Task 0, Epoch 200/200 => Loss 0.014, Train_accy 99.94
2025-02-05 23:14:57,729 [base.py] => Constructing exemplars for new classes...(30 per classes)
2025-02-05 23:15:15,672 [wa.py] => Exemplar size: 450
2025-02-05 23:15:15,673 [trainer.py] => CNN: {'total': 87.48, '0': 100.0, '1': 92.78, '2': 95.0, '3': 82.78, '4': 88.89, '5': 75.56, '6': 75.0, '7': 92.22, '8': 87.22, '9': 55.56, '10': 96.11, '11': 99.44, '12': 89.44, '13': 90.56, 'old': 0, 'new': 87.48}
2025-02-05 23:15:15,673 [trainer.py] => NME: {'total': 86.74, '0': 100.0, '1': 91.67, '2': 94.44, '3': 77.78, '4': 86.67, '5': 76.67, '6': 72.78, '7': 92.22, '8': 84.44, '9': 56.11, '10': 95.0, '11': 99.44, '12': 90.0, '13': 92.22, 'old': 0, 'new': 86.74}
2025-02-05 23:15:15,673 [trainer.py] => CNN top1 curve: [87.48]
2025-02-05 23:15:15,673 [trainer.py] => CNN top5 curve: [98.67]
2025-02-05 23:15:15,673 [trainer.py] => NME top1 curve: [86.74]
2025-02-05 23:15:15,673 [trainer.py] => NME top5 curve: [98.7]

2025-02-05 23:15:15,673 [trainer.py] => All params: 21043547
2025-02-05 23:15:15,673 [trainer.py] => Trainable params: 21043547
2025-02-05 23:15:15,674 [wa.py] => Learning on 15-25
2025-02-05 23:43:18,282 [wa.py] => Task 1, Epoch 200/200 => Loss 0.823, Loss_clf 0.010, Loss_kd 1.364, Train_accy 100.00
2025-02-05 23:43:18,283 [base.py] => Constructing exemplars for new classes...(30 per classes)
2025-02-05 23:43:38,519 [wa.py] => Exemplar size: 750
2025-02-05 23:43:38,519 [trainer.py] => CNN: {'total': 75.02, '0': 76.11, '1': 58.33, '2': 78.33, '3': 56.67, '4': 72.78, '5': 43.89, '6': 52.22, '7': 35.0, '8': 30.0, '9': 48.89, '10': 81.11, '11': 86.67, '12': 67.78, '13': 68.89, '14': 66.67, '15': 97.22, '16': 98.33, '17': 94.44, '18': 93.33, '19': 95.56, '20': 94.44, '21': 87.78, '22': 96.67, '23': 98.89, 'old': 61.56, 'new': 95.22}
2025-02-05 23:43:38,519 [trainer.py] => NME: {'total': 80.56, '0': 94.44, '1': 76.67, '2': 86.11, '3': 64.44, '4': 77.22, '5': 56.11, '6': 53.89, '7': 53.89, '8': 54.44, '9': 61.67, '10': 91.11, '11': 93.89, '12': 77.78, '13': 77.22, '14': 82.78, '15': 96.11, '16': 93.89, '17': 87.78, '18': 90.56, '19': 91.67, '20': 93.89, '21': 88.89, '22': 92.22, '23': 86.67, 'old': 73.44, 'new': 91.22}
2025-02-05 23:43:38,519 [trainer.py] => CNN top1 curve: [87.48, 75.02]
2025-02-05 23:43:38,519 [trainer.py] => CNN top5 curve: [98.67, 97.16]
2025-02-05 23:43:38,519 [trainer.py] => NME top1 curve: [86.74, 80.56]
2025-02-05 23:43:38,519 [trainer.py] => NME top5 curve: [98.7, 98.27]

2025-02-05 23:43:38,520 [trainer.py] => All params: 21044837
2025-02-05 23:43:38,520 [trainer.py] => Trainable params: 21044837
2025-02-05 23:43:38,520 [wa.py] => Learning on 25-35
2025-02-06 00:14:01,991 [wa.py] => Task 2, Epoch 200/200 => Loss 1.215, Loss_clf 0.016, Loss_kd 1.694, Train_accy 99.98
2025-02-06 00:14:01,992 [base.py] => Constructing exemplars for new classes...(30 per classes)
2025-02-06 00:14:27,323 [wa.py] => Exemplar size: 1050
2025-02-06 00:14:27,323 [trainer.py] => CNN: {'total': 66.59, '0': 73.33, '1': 42.22, '2': 65.0, '3': 39.44, '4': 58.89, '5': 20.0, '6': 46.11, '7': 38.33, '8': 36.11, '9': 43.33, '10': 66.67, '11': 77.78, '12': 55.0, '13': 54.44, '14': 36.67, '15': 86.11, '16': 79.44, '17': 85.56, '18': 69.44, '19': 77.78, '20': 84.44, '21': 60.0, '22': 66.11, '23': 31.11, '24': 48.33, '25': 88.33, '26': 92.78, '27': 91.67, '28': 74.44, '29': 90.0, '30': 88.33, '31': 91.67, '32': 100.0, '33': 82.22, 'old': 57.67, 'new': 88.89}
2025-02-06 00:14:27,323 [trainer.py] => NME: {'total': 70.79, '0': 89.44, '1': 59.44, '2': 72.78, '3': 61.67, '4': 62.22, '5': 34.44, '6': 45.56, '7': 51.67, '8': 53.33, '9': 49.44, '10': 77.22, '11': 88.89, '12': 65.0, '13': 65.56, '14': 61.67, '15': 84.44, '16': 83.89, '17': 83.89, '18': 73.89, '19': 77.78, '20': 85.0, '21': 75.0, '22': 85.56, '23': 40.0, '24': 68.89, '25': 72.78, '26': 83.33, '27': 86.67, '28': 64.44, '29': 69.44, '30': 73.33, '31': 81.67, '32': 91.67, '33': 73.89, 'old': 67.87, 'new': 78.11}
2025-02-06 00:14:27,323 [trainer.py] => CNN top1 curve: [87.48, 75.02, 66.59]
2025-02-06 00:14:27,323 [trainer.py] => CNN top5 curve: [98.67, 97.16, 93.6]
2025-02-06 00:14:27,323 [trainer.py] => NME top1 curve: [86.74, 80.56, 70.79]
2025-02-06 00:14:27,323 [trainer.py] => NME top5 curve: [98.7, 98.27, 94.9]

2025-02-06 00:14:27,323 [trainer.py] => All params: 21046127
2025-02-06 00:14:27,324 [trainer.py] => Trainable params: 21046127
2025-02-06 00:14:27,324 [wa.py] => Learning on 35-45
2025-02-06 00:46:46,229 [wa.py] => Task 3, Epoch 200/200 => Loss 1.739, Loss_clf 0.138, Loss_kd 2.196, Train_accy 99.47
2025-02-06 00:46:46,230 [base.py] => Constructing exemplars for new classes...(30 per classes)
2025-02-06 00:47:16,382 [wa.py] => Exemplar size: 1350
2025-02-06 00:47:16,382 [trainer.py] => CNN: {'total': 59.16, '0': 50.0, '1': 58.33, '2': 57.22, '3': 28.33, '4': 47.22, '5': 37.22, '6': 41.67, '7': 40.0, '8': 44.44, '9': 27.22, '10': 49.44, '11': 57.22, '12': 48.33, '13': 48.89, '14': 44.44, '15': 67.78, '16': 68.89, '17': 77.78, '18': 64.44, '19': 71.67, '20': 75.56, '21': 58.89, '22': 70.56, '23': 41.67, '24': 61.67, '25': 51.67, '26': 50.0, '27': 54.44, '28': 27.78, '29': 36.11, '30': 46.67, '31': 42.22, '32': 45.56, '33': 17.22, '34': 24.44, '35': 91.11, '36': 94.44, '37': 79.44, '38': 98.89, '39': 98.33, '40': 87.78, '41': 97.78, '42': 96.11, '43': 98.33, 'old': 49.57, 'new': 92.72}
2025-02-06 00:47:16,382 [trainer.py] => NME: {'total': 63.62, '0': 75.56, '1': 61.67, '2': 63.89, '3': 45.56, '4': 56.11, '5': 36.67, '6': 32.78, '7': 51.11, '8': 53.33, '9': 52.78, '10': 67.78, '11': 80.56, '12': 57.78, '13': 55.56, '14': 58.33, '15': 70.0, '16': 67.78, '17': 70.0, '18': 65.0, '19': 66.11, '20': 75.0, '21': 73.33, '22': 62.22, '23': 51.67, '24': 64.44, '25': 43.33, '26': 62.22, '27': 68.33, '28': 43.33, '29': 43.89, '30': 47.78, '31': 51.67, '32': 77.22, '33': 49.44, '34': 59.44, '35': 88.33, '36': 81.11, '37': 58.33, '38': 91.11, '39': 84.44, '40': 72.22, '41': 86.11, '42': 91.67, '43': 92.22, 'old': 58.9, 'new': 80.11}
2025-02-06 00:47:16,382 [trainer.py] => CNN top1 curve: [87.48, 75.02, 66.59, 59.16]
2025-02-06 00:47:16,382 [trainer.py] => CNN top5 curve: [98.67, 97.16, 93.6, 89.81]
2025-02-06 00:47:16,382 [trainer.py] => NME top1 curve: [86.74, 80.56, 70.79, 63.62]
2025-02-06 00:47:16,382 [trainer.py] => NME top5 curve: [98.7, 98.27, 94.9, 92.49]

2025-02-06 00:47:16,383 [trainer.py] => All params: 21047417
2025-02-06 00:47:16,383 [trainer.py] => Trainable params: 21047417
2025-02-06 00:47:16,383 [wa.py] => Learning on 45-55
2025-02-06 01:22:14,924 [wa.py] => Task 4, Epoch 200/200 => Loss 1.920, Loss_clf 0.049, Loss_kd 2.335, Train_accy 99.98
2025-02-06 01:22:14,925 [base.py] => Constructing exemplars for new classes...(30 per classes)
2025-02-06 01:22:51,409 [wa.py] => Exemplar size: 1650
2025-02-06 01:22:51,410 [trainer.py] => CNN: {'total': 60.45, '0': 76.67, '1': 53.33, '2': 50.56, '3': 9.44, '4': 48.89, '5': 38.89, '6': 32.78, '7': 32.78, '8': 49.44, '9': 26.11, '10': 51.67, '11': 80.56, '12': 43.33, '13': 48.89, '14': 50.0, '15': 66.67, '16': 72.78, '17': 75.56, '18': 57.78, '19': 65.0, '20': 76.11, '21': 65.0, '22': 69.44, '23': 49.44, '24': 70.56, '25': 43.33, '26': 48.33, '27': 50.0, '28': 28.33, '29': 38.89, '30': 46.67, '31': 50.0, '32': 76.67, '33': 28.33, '34': 48.89, '35': 72.22, '36': 72.78, '37': 35.0, '38': 77.22, '39': 79.44, '40': 25.56, '41': 78.33, '42': 91.11, '43': 85.0, '44': 28.33, '45': 94.44, '46': 85.0, '47': 86.11, '48': 86.67, '49': 86.11, '50': 82.78, '51': 80.56, '52': 85.0, '53': 81.67, 'old': 54.8, 'new': 85.89}
2025-02-06 01:22:51,410 [trainer.py] => NME: {'total': 61.19, '0': 77.22, '1': 57.22, '2': 61.67, '3': 23.89, '4': 57.22, '5': 35.56, '6': 26.67, '7': 47.78, '8': 57.22, '9': 47.78, '10': 61.67, '11': 81.11, '12': 52.78, '13': 55.0, '14': 55.0, '15': 68.33, '16': 73.89, '17': 69.44, '18': 59.44, '19': 61.11, '20': 71.11, '21': 70.56, '22': 72.78, '23': 50.0, '24': 64.44, '25': 45.0, '26': 57.78, '27': 59.44, '28': 33.89, '29': 45.56, '30': 45.56, '31': 61.67, '32': 77.78, '33': 34.44, '34': 58.33, '35': 80.56, '36': 66.67, '37': 53.33, '38': 86.11, '39': 76.67, '40': 53.89, '41': 79.44, '42': 85.56, '43': 85.56, '44': 43.89, '45': 73.33, '46': 65.0, '47': 70.56, '48': 67.22, '49': 71.11, '50': 61.67, '51': 63.33, '52': 64.44, '53': 70.0, 'old': 59.78, 'new': 67.56}
2025-02-06 01:22:51,410 [trainer.py] => CNN top1 curve: [87.48, 75.02, 66.59, 59.16, 60.45]
2025-02-06 01:22:51,410 [trainer.py] => CNN top5 curve: [98.67, 97.16, 93.6, 89.81, 87.97]
2025-02-06 01:22:51,410 [trainer.py] => NME top1 curve: [86.74, 80.56, 70.79, 63.62, 61.19]
2025-02-06 01:22:51,410 [trainer.py] => NME top5 curve: [98.7, 98.27, 94.9, 92.49, 89.89]

