2025-01-01 02:13:52,706 [trainer.py] => 实验名称:WiFi,打印测试
2025-01-01 02:13:52,706 [trainer.py] => config: ./exps/finetune.json
2025-01-01 02:13:52,707 [trainer.py] => experiment_name: 实验名称:WiFi,打印测试
2025-01-01 02:13:52,707 [trainer.py] => dataset: xrfdataset
2025-01-01 02:13:52,707 [trainer.py] => memory_size: 1650
2025-01-01 02:13:52,707 [trainer.py] => memory_per_class: 30
2025-01-01 02:13:52,707 [trainer.py] => fixed_memory: True
2025-01-01 02:13:52,707 [trainer.py] => shuffle: True
2025-01-01 02:13:52,707 [trainer.py] => init_cls: 15
2025-01-01 02:13:52,707 [trainer.py] => increment: 10
2025-01-01 02:13:52,707 [trainer.py] => model_name: finetune
2025-01-01 02:13:52,707 [trainer.py] => convnet_type: unet
2025-01-01 02:13:52,707 [trainer.py] => device: [device(type='cuda', index=0), device(type='cuda', index=1), device(type='cuda', index=2), device(type='cuda', index=3)]
2025-01-01 02:13:52,707 [trainer.py] => seed: 1993
2025-01-01 02:13:52,719 [data.py] => 加载完毕XRF原始数据集
2025-01-01 02:13:52,724 [data.py] => 加载完毕XRF原始数据集
2025-01-01 02:13:52,898 [trainer.py] => All params: 21041612
2025-01-01 02:13:52,899 [trainer.py] => Trainable params: 21041612
2025-01-01 02:13:52,899 [finetune.py] => Learning on 0-15
2025-01-01 02:42:15,273 [finetune.py] => Task 0, Epoch 200/200 => Loss 0.042, Train_accy 99.14
2025-01-01 02:42:19,005 [trainer.py] => No NME accuracy.
2025-01-01 02:42:19,005 [trainer.py] => CNN: {'total': 89.67, '0': 98.89, '1': 92.78, '2': 96.11, '3': 83.33, '4': 95.0, '5': 85.56, '6': 80.0, '7': 88.89, '8': 90.56, '9': 61.11, '10': 97.78, '11': 100.0, '12': 90.0, '13': 94.44, 'old': 0, 'new': 89.67}
2025-01-01 02:42:19,005 [trainer.py] => CNN top1 curve: [89.67]
2025-01-01 02:42:19,005 [trainer.py] => CNN top5 curve: [99.19]

2025-01-01 02:42:19,006 [trainer.py] => All params: 21043547
2025-01-01 02:42:19,007 [trainer.py] => Trainable params: 21043547
2025-01-01 02:42:19,009 [finetune.py] => Learning on 15-25
2025-01-01 02:51:00,076 [finetune.py] => Task 1, Epoch 80/80 => Loss 0.008, Train_accy 99.88
2025-01-01 02:51:05,154 [trainer.py] => No NME accuracy.
2025-01-01 02:51:05,155 [trainer.py] => CNN: {'total': 38.84, '0': 0.56, '1': 0.0, '2': 0.0, '3': 0.0, '4': 0.0, '5': 1.67, '6': 1.11, '7': 0.0, '8': 0.0, '9': 0.0, '10': 0.56, '11': 0.0, '12': 0.0, '13': 0.0, '14': 0.0, '15': 96.67, '16': 97.78, '17': 98.89, '18': 92.78, '19': 94.44, '20': 97.78, '21': 93.33, '22': 98.89, '23': 99.44, 'old': 0.26, 'new': 96.72}
2025-01-01 02:51:05,155 [trainer.py] => CNN top1 curve: [89.67, 38.84]
2025-01-01 02:51:05,155 [trainer.py] => CNN top5 curve: [99.19, 65.24]

2025-01-01 02:51:05,156 [trainer.py] => All params: 21044837
2025-01-01 02:51:05,157 [trainer.py] => Trainable params: 21044837
2025-01-01 02:51:05,159 [finetune.py] => Learning on 25-35
2025-01-01 03:00:26,474 [finetune.py] => Task 2, Epoch 80/80 => Loss 0.015, Train_accy 99.71
2025-01-01 03:00:32,738 [trainer.py] => No NME accuracy.
2025-01-01 03:00:32,739 [trainer.py] => CNN: {'total': 26.97, '0': 0.0, '1': 0.0, '2': 0.0, '3': 0.0, '4': 0.0, '5': 0.0, '6': 0.0, '7': 0.0, '8': 0.0, '9': 0.0, '10': 0.0, '11': 0.0, '12': 0.0, '13': 0.0, '14': 0.0, '15': 1.67, '16': 0.56, '17': 3.89, '18': 3.89, '19': 3.89, '20': 6.67, '21': 8.33, '22': 0.0, '23': 0.0, '24': 0.56, '25': 90.56, '26': 95.56, '27': 94.44, '28': 82.78, '29': 92.78, '30': 90.56, '31': 91.11, '32': 100.0, '33': 85.0, 'old': 1.18, 'new': 91.44}
2025-01-01 03:00:32,739 [trainer.py] => CNN top1 curve: [89.67, 38.84, 26.97]
2025-01-01 03:00:32,739 [trainer.py] => CNN top5 curve: [99.19, 65.24, 48.67]

2025-01-01 03:00:32,740 [trainer.py] => All params: 21046127
2025-01-01 03:00:32,740 [trainer.py] => Trainable params: 21046127
2025-01-01 03:00:32,741 [finetune.py] => Learning on 35-45
2025-01-01 03:10:06,559 [finetune.py] => Task 3, Epoch 80/80 => Loss 0.012, Train_accy 99.69
2025-01-01 03:10:14,250 [trainer.py] => No NME accuracy.
2025-01-01 03:10:14,251 [trainer.py] => CNN: {'total': 21.83, '0': 0.0, '1': 0.0, '2': 0.0, '3': 0.0, '4': 0.0, '5': 0.0, '6': 0.0, '7': 0.0, '8': 0.0, '9': 0.0, '10': 0.0, '11': 0.0, '12': 0.0, '13': 0.0, '14': 0.0, '15': 0.0, '16': 0.0, '17': 0.0, '18': 0.0, '19': 0.0, '20': 0.0, '21': 0.0, '22': 0.0, '23': 0.0, '24': 0.0, '25': 0.56, '26': 0.56, '27': 6.11, '28': 0.56, '29': 1.67, '30': 0.56, '31': 1.67, '32': 3.89, '33': 0.0, '34': 5.0, '35': 97.22, '36': 98.33, '37': 87.78, '38': 100.0, '39': 98.33, '40': 95.0, '41': 99.44, '42': 98.89, '43': 98.89, 'old': 0.59, 'new': 96.17}
2025-01-01 03:10:14,251 [trainer.py] => CNN top1 curve: [89.67, 38.84, 26.97, 21.83]
2025-01-01 03:10:14,251 [trainer.py] => CNN top5 curve: [99.19, 65.24, 48.67, 37.11]

2025-01-01 03:10:14,252 [trainer.py] => All params: 21047417
2025-01-01 03:10:14,253 [trainer.py] => Trainable params: 21047417
2025-01-01 03:10:14,255 [finetune.py] => Learning on 45-55
2025-01-01 03:20:13,272 [finetune.py] => Task 4, Epoch 80/80 => Loss 0.022, Train_accy 99.67
2025-01-01 03:20:21,604 [trainer.py] => No NME accuracy.
2025-01-01 03:20:21,606 [trainer.py] => CNN: {'total': 16.25, '0': 0.0, '1': 0.0, '2': 0.0, '3': 0.0, '4': 0.0, '5': 0.0, '6': 0.0, '7': 0.0, '8': 0.0, '9': 0.0, '10': 0.0, '11': 0.0, '12': 0.0, '13': 0.0, '14': 0.0, '15': 0.0, '16': 0.0, '17': 0.0, '18': 0.0, '19': 0.0, '20': 0.0, '21': 0.0, '22': 0.0, '23': 0.0, '24': 0.0, '25': 0.0, '26': 0.0, '27': 0.0, '28': 0.0, '29': 0.0, '30': 0.0, '31': 0.0, '32': 0.0, '33': 0.56, '34': 0.56, '35': 4.44, '36': 2.78, '37': 6.67, '38': 10.0, '39': 0.56, '40': 0.0, '41': 1.11, '42': 0.56, '43': 0.0, '44': 0.56, '45': 91.67, '46': 88.33, '47': 93.89, '48': 87.22, '49': 84.44, '50': 85.0, '51': 85.0, '52': 78.33, '53': 86.67, 'old': 0.62, 'new': 86.61}
2025-01-01 03:20:21,606 [trainer.py] => CNN top1 curve: [89.67, 38.84, 26.97, 21.83, 16.25]
2025-01-01 03:20:21,606 [trainer.py] => CNN top5 curve: [99.19, 65.24, 48.67, 37.11, 28.81]

