2025-03-03 20:06:18,512 [trainer.py] => 实验名称:FSCIL实验
2025-03-03 20:06:18,562 [trainer.py] => config: ./exps/finetune.json
2025-03-03 20:06:18,562 [trainer.py] => experiment_name: 实验名称:FSCIL实验
2025-03-03 20:06:18,563 [trainer.py] => dataset: xrfdataset
2025-03-03 20:06:18,563 [trainer.py] => memory_size: 1650
2025-03-03 20:06:18,563 [trainer.py] => memory_per_class: 30
2025-03-03 20:06:18,563 [trainer.py] => fixed_memory: True
2025-03-03 20:06:18,563 [trainer.py] => shuffle: True
2025-03-03 20:06:18,563 [trainer.py] => init_cls: 30
2025-03-03 20:06:18,563 [trainer.py] => increment: 5
2025-03-03 20:06:18,563 [trainer.py] => model_name: finetune
2025-03-03 20:06:18,563 [trainer.py] => convnet_type: resnet34
2025-03-03 20:06:18,563 [trainer.py] => device: [device(type='cuda', index=0), device(type='cuda', index=1), device(type='cuda', index=2), device(type='cuda', index=3)]
2025-03-03 20:06:18,563 [trainer.py] => seed: 1993
2025-03-03 20:06:18,618 [data.py] => 加载完毕XRF原始数据集
2025-03-03 20:06:18,639 [data.py] => 加载完毕XRF原始数据集
2025-03-03 20:06:19,020 [trainer.py] => All params: 7480448
2025-03-03 20:06:19,020 [trainer.py] => Trainable params: 7480448
2025-03-03 20:06:19,020 [finetune.py] => Learning on 0-30
2025-03-03 20:08:28,550 [trainer.py] => 实验名称:FSCIL实验
2025-03-03 20:08:28,551 [trainer.py] => config: ./exps/finetune.json
2025-03-03 20:08:28,551 [trainer.py] => experiment_name: 实验名称:FSCIL实验
2025-03-03 20:08:28,551 [trainer.py] => dataset: xrfdataset
2025-03-03 20:08:28,551 [trainer.py] => memory_size: 1650
2025-03-03 20:08:28,551 [trainer.py] => memory_per_class: 30
2025-03-03 20:08:28,551 [trainer.py] => fixed_memory: True
2025-03-03 20:08:28,551 [trainer.py] => shuffle: True
2025-03-03 20:08:28,551 [trainer.py] => init_cls: 30
2025-03-03 20:08:28,551 [trainer.py] => increment: 5
2025-03-03 20:08:28,551 [trainer.py] => model_name: finetune
2025-03-03 20:08:28,551 [trainer.py] => convnet_type: resnet34
2025-03-03 20:08:28,551 [trainer.py] => device: [device(type='cuda', index=0), device(type='cuda', index=1), device(type='cuda', index=2), device(type='cuda', index=3)]
2025-03-03 20:08:28,551 [trainer.py] => seed: 1993
2025-03-03 20:08:28,563 [data.py] => 加载完毕XRF原始数据集
2025-03-03 20:08:28,568 [data.py] => 加载完毕XRF原始数据集
2025-03-03 20:08:28,693 [trainer.py] => All params: 7480448
2025-03-03 20:08:28,693 [trainer.py] => Trainable params: 7480448
2025-03-03 20:08:28,693 [finetune.py] => Learning on 0-30
2025-03-03 20:08:51,805 [trainer.py] => 实验名称:FSCIL实验
2025-03-03 20:08:51,806 [trainer.py] => config: ./exps/finetune.json
2025-03-03 20:08:51,806 [trainer.py] => experiment_name: 实验名称:FSCIL实验
2025-03-03 20:08:51,806 [trainer.py] => dataset: xrfdataset
2025-03-03 20:08:51,806 [trainer.py] => memory_size: 1650
2025-03-03 20:08:51,806 [trainer.py] => memory_per_class: 30
2025-03-03 20:08:51,806 [trainer.py] => fixed_memory: True
2025-03-03 20:08:51,806 [trainer.py] => shuffle: True
2025-03-03 20:08:51,806 [trainer.py] => init_cls: 30
2025-03-03 20:08:51,806 [trainer.py] => increment: 5
2025-03-03 20:08:51,806 [trainer.py] => model_name: finetune
2025-03-03 20:08:51,806 [trainer.py] => convnet_type: resnet34
2025-03-03 20:08:51,806 [trainer.py] => device: [device(type='cuda', index=0), device(type='cuda', index=1), device(type='cuda', index=2), device(type='cuda', index=3)]
2025-03-03 20:08:51,806 [trainer.py] => seed: 1993
2025-03-03 20:08:51,819 [data.py] => 加载完毕XRF原始数据集
2025-03-03 20:08:51,824 [data.py] => 加载完毕XRF原始数据集
2025-03-03 20:08:51,955 [trainer.py] => All params: 7480448
2025-03-03 20:08:51,956 [trainer.py] => Trainable params: 7480448
2025-03-03 20:08:51,956 [finetune.py] => Learning on 0-30
2025-03-03 20:16:16,643 [trainer.py] => 实验名称:FSCIL实验
2025-03-03 20:16:16,711 [trainer.py] => config: ./exps/finetune.json
2025-03-03 20:16:16,711 [trainer.py] => experiment_name: 实验名称:FSCIL实验
2025-03-03 20:16:16,711 [trainer.py] => dataset: xrfdataset
2025-03-03 20:16:16,711 [trainer.py] => memory_size: 1650
2025-03-03 20:16:16,711 [trainer.py] => memory_per_class: 30
2025-03-03 20:16:16,711 [trainer.py] => fixed_memory: True
2025-03-03 20:16:16,711 [trainer.py] => shuffle: True
2025-03-03 20:16:16,711 [trainer.py] => init_cls: 30
2025-03-03 20:16:16,711 [trainer.py] => increment: 5
2025-03-03 20:16:16,711 [trainer.py] => model_name: finetune
2025-03-03 20:16:16,711 [trainer.py] => convnet_type: resnet34
2025-03-03 20:16:16,711 [trainer.py] => device: [device(type='cuda', index=0)]
2025-03-03 20:16:16,711 [trainer.py] => seed: 1993
2025-03-03 20:16:16,800 [data.py] => 加载完毕XRF原始数据集
2025-03-03 20:16:16,844 [data.py] => 加载完毕XRF原始数据集
2025-03-03 20:16:16,980 [trainer.py] => All params: 7480448
2025-03-03 20:16:16,981 [trainer.py] => Trainable params: 7480448
2025-03-03 20:16:16,981 [finetune.py] => Learning on 0-30
2025-03-03 20:27:55,133 [trainer.py] => 实验名称:FSCIL实验
2025-03-03 20:27:55,167 [trainer.py] => config: ./exps/finetune.json
2025-03-03 20:27:55,167 [trainer.py] => experiment_name: 实验名称:FSCIL实验
2025-03-03 20:27:55,167 [trainer.py] => dataset: xrfdataset
2025-03-03 20:27:55,167 [trainer.py] => memory_size: 1650
2025-03-03 20:27:55,167 [trainer.py] => memory_per_class: 30
2025-03-03 20:27:55,167 [trainer.py] => fixed_memory: True
2025-03-03 20:27:55,167 [trainer.py] => shuffle: True
2025-03-03 20:27:55,167 [trainer.py] => init_cls: 30
2025-03-03 20:27:55,167 [trainer.py] => increment: 5
2025-03-03 20:27:55,167 [trainer.py] => model_name: finetune
2025-03-03 20:27:55,167 [trainer.py] => convnet_type: resnet34
2025-03-03 20:27:55,167 [trainer.py] => device: [device(type='cuda', index=2)]
2025-03-03 20:27:55,167 [trainer.py] => seed: 1993
2025-03-03 20:27:55,210 [data.py] => 加载完毕XRF原始数据集
2025-03-03 20:27:55,260 [data.py] => 加载完毕XRF原始数据集
2025-03-03 20:27:55,394 [trainer.py] => All params: 7480448
2025-03-03 20:27:55,395 [trainer.py] => Trainable params: 7480448
2025-03-03 20:27:55,395 [finetune.py] => Learning on 0-30
2025-03-04 01:18:17,242 [trainer.py] => 实验名称:FSCIL实验
2025-03-04 01:18:17,279 [trainer.py] => config: ./exps/finetune.json
2025-03-04 01:18:17,279 [trainer.py] => experiment_name: 实验名称:FSCIL实验
2025-03-04 01:18:17,279 [trainer.py] => dataset: xrfdataset
2025-03-04 01:18:17,279 [trainer.py] => memory_size: 1650
2025-03-04 01:18:17,280 [trainer.py] => memory_per_class: 30
2025-03-04 01:18:17,280 [trainer.py] => fixed_memory: True
2025-03-04 01:18:17,280 [trainer.py] => shuffle: True
2025-03-04 01:18:17,280 [trainer.py] => init_cls: 30
2025-03-04 01:18:17,280 [trainer.py] => increment: 5
2025-03-04 01:18:17,280 [trainer.py] => model_name: finetune
2025-03-04 01:18:17,280 [trainer.py] => convnet_type: resnet34
2025-03-04 01:18:17,281 [trainer.py] => device: [device(type='cuda', index=2)]
2025-03-04 01:18:17,281 [trainer.py] => seed: 1993
2025-03-04 01:18:17,332 [data.py] => 加载完毕XRF原始数据集
2025-03-04 01:18:17,358 [data.py] => 加载完毕XRF原始数据集
2025-03-04 01:18:17,653 [trainer.py] => All params: 7480448
2025-03-04 01:18:17,654 [trainer.py] => Trainable params: 7480448
2025-03-04 01:18:17,654 [finetune.py] => Learning on 0-30
2025-03-04 01:24:09,404 [finetune.py] => Task 0, Epoch 1/1 => Loss 4.087, Train_accy 3.47, Test_accy 4.04
2025-03-04 01:24:13,262 [trainer.py] => No NME accuracy.
2025-03-04 01:24:13,263 [trainer.py] => CNN: {'total': 4.04, '0': 0.0, '1': 0.0, '2': 0.0, '3': 0.0, '4': 0.0, '5': 0.0, '6': 0.0, '7': 12.78, '8': 20.56, '9': 0.0, '10': 0.0, '11': 18.89, '12': 0.0, '13': 0.0, '14': 36.11, '15': 0.0, '16': 16.67, '17': 0.0, '18': 0.56, '19': 6.67, '20': 2.22, '21': 0.0, '22': 0.0, '23': 0.0, '24': 0.0, '25': 0.0, '26': 6.67, '27': 0.0, '28': 0.0, 'old': 0, 'new': 4.04}
2025-03-04 01:24:13,263 [trainer.py] => CNN top1 curve: [4.04]
2025-03-04 01:24:13,263 [trainer.py] => CNN top5 curve: [19.46]

2025-03-04 01:24:13,263 [trainer.py] => All params: 7495838
2025-03-04 01:24:13,264 [trainer.py] => Trainable params: 7495838
2025-03-04 01:24:13,295 [finetune.py] => Learning on 30-35
2025-03-04 01:24:39,823 [finetune.py] => Task 1, Epoch 1/1 => Loss 1.603, Train_accy 0.00, Test_accy 3.33
2025-03-04 01:24:44,018 [trainer.py] => No NME accuracy.
2025-03-04 01:24:44,018 [trainer.py] => CNN: {'total': 3.33, '0': 0.0, '1': 0.0, '2': 0.0, '3': 1.67, '4': 0.0, '5': 0.0, '6': 0.0, '7': 22.22, '8': 5.56, '9': 0.0, '10': 0.0, '11': 6.67, '12': 0.0, '13': 0.0, '14': 40.0, '15': 0.0, '16': 19.44, '17': 0.0, '18': 0.0, '19': 11.67, '20': 2.78, '21': 0.0, '22': 0.0, '23': 0.0, '24': 0.0, '25': 0.0, '26': 6.67, '27': 0.0, '28': 0.0, '29': 0.0, '30': 0.0, '31': 0.0, '32': 0.0, '33': 0.0, 'old': 3.89, 'new': 0.0}
2025-03-04 01:24:44,019 [trainer.py] => CNN top1 curve: [4.04, 3.33]
2025-03-04 01:24:44,019 [trainer.py] => CNN top5 curve: [19.46, 17.33]

2025-03-04 01:24:44,019 [trainer.py] => All params: 7498403
2025-03-04 01:24:44,019 [trainer.py] => Trainable params: 7498403
2025-03-04 01:24:44,025 [finetune.py] => Learning on 35-40
2025-03-04 01:25:10,467 [finetune.py] => Task 2, Epoch 1/1 => Loss 1.717, Train_accy 0.00, Test_accy 2.82
2025-03-04 01:25:15,237 [trainer.py] => No NME accuracy.
2025-03-04 01:25:15,237 [trainer.py] => CNN: {'total': 2.82, '0': 0.0, '1': 0.0, '2': 0.0, '3': 8.89, '4': 0.0, '5': 0.0, '6': 0.0, '7': 27.78, '8': 0.56, '9': 0.0, '10': 0.0, '11': 3.33, '12': 0.0, '13': 0.0, '14': 41.11, '15': 0.0, '16': 5.0, '17': 0.0, '18': 0.0, '19': 21.11, '20': 0.56, '21': 0.0, '22': 0.0, '23': 0.56, '24': 3.89, '25': 0.0, '26': 0.0, '27': 0.0, '28': 0.0, '29': 0.0, '30': 0.0, '31': 0.0, '32': 0.0, '33': 0.0, '34': 0.0, '35': 0.0, '36': 0.0, '37': 0.0, '38': 0.0, 'old': 3.22, 'new': 0.0}
2025-03-04 01:25:15,237 [trainer.py] => CNN top1 curve: [4.04, 3.33, 2.82]
2025-03-04 01:25:15,237 [trainer.py] => CNN top5 curve: [19.46, 17.33, 14.6]

2025-03-04 01:25:15,238 [trainer.py] => All params: 7500968
2025-03-04 01:25:15,238 [trainer.py] => Trainable params: 7500968
2025-03-04 01:25:15,239 [finetune.py] => Learning on 40-45
2025-03-04 01:25:42,221 [finetune.py] => Task 3, Epoch 1/1 => Loss 1.713, Train_accy 0.00, Test_accy 2.19
2025-03-04 01:25:47,519 [trainer.py] => No NME accuracy.
2025-03-04 01:25:47,519 [trainer.py] => CNN: {'total': 2.19, '0': 0.0, '1': 0.0, '2': 0.0, '3': 15.56, '4': 0.0, '5': 0.0, '6': 0.0, '7': 18.33, '8': 1.67, '9': 0.0, '10': 0.0, '11': 3.33, '12': 0.0, '13': 0.0, '14': 32.22, '15': 0.0, '16': 0.0, '17': 0.0, '18': 0.0, '19': 6.11, '20': 0.0, '21': 0.0, '22': 0.0, '23': 0.0, '24': 21.11, '25': 0.0, '26': 0.0, '27': 0.0, '28': 0.0, '29': 0.0, '30': 0.0, '31': 0.0, '32': 0.0, '33': 0.0, '34': 0.0, '35': 0.0, '36': 0.0, '37': 0.0, '38': 0.0, '39': 0.0, '40': 0.0, '41': 0.0, '42': 0.0, '43': 0.0, 'old': 2.46, 'new': 0.0}
2025-03-04 01:25:47,519 [trainer.py] => CNN top1 curve: [4.04, 3.33, 2.82, 2.19]
2025-03-04 01:25:47,519 [trainer.py] => CNN top5 curve: [19.46, 17.33, 14.6, 12.35]

2025-03-04 01:25:47,519 [trainer.py] => All params: 7503533
2025-03-04 01:25:47,520 [trainer.py] => Trainable params: 7503533
2025-03-04 01:25:47,525 [finetune.py] => Learning on 45-50
2025-03-04 01:26:15,411 [finetune.py] => Task 4, Epoch 1/1 => Loss 1.562, Train_accy 0.00, Test_accy 2.20
2025-03-04 01:26:21,222 [trainer.py] => No NME accuracy.
2025-03-04 01:26:21,222 [trainer.py] => CNN: {'total': 2.2, '0': 0.0, '1': 0.0, '2': 0.0, '3': 17.78, '4': 0.0, '5': 0.0, '6': 0.0, '7': 14.44, '8': 5.56, '9': 0.0, '10': 0.0, '11': 6.67, '12': 0.0, '13': 0.0, '14': 38.89, '15': 0.0, '16': 0.0, '17': 0.0, '18': 0.0, '19': 2.78, '20': 0.0, '21': 0.0, '22': 0.0, '23': 0.0, '24': 23.89, '25': 0.0, '26': 0.0, '27': 0.0, '28': 0.0, '29': 0.0, '30': 0.0, '31': 0.0, '32': 0.0, '33': 0.0, '34': 0.0, '35': 0.0, '36': 0.0, '37': 0.0, '38': 0.0, '39': 0.0, '40': 0.0, '41': 0.0, '42': 0.0, '43': 0.0, '44': 0.0, '45': 0.0, '46': 0.0, '47': 0.0, '48': 0.0, 'old': 2.44, 'new': 0.0}
2025-03-04 01:26:21,222 [trainer.py] => CNN top1 curve: [4.04, 3.33, 2.82, 2.19, 2.2]
2025-03-04 01:26:21,222 [trainer.py] => CNN top5 curve: [19.46, 17.33, 14.6, 12.35, 10.66]

2025-03-04 01:26:21,223 [trainer.py] => All params: 7506098
2025-03-04 01:26:21,223 [trainer.py] => Trainable params: 7506098
2025-03-04 01:26:21,228 [finetune.py] => Learning on 50-55
2025-03-04 01:26:49,868 [finetune.py] => Task 5, Epoch 1/1 => Loss 1.668, Train_accy 0.00, Test_accy 1.82
2025-03-04 01:26:56,489 [trainer.py] => No NME accuracy.
2025-03-04 01:26:56,489 [trainer.py] => CNN: {'total': 1.82, '0': 0.0, '1': 0.0, '2': 0.0, '3': 16.11, '4': 0.0, '5': 0.0, '6': 0.0, '7': 7.78, '8': 2.22, '9': 0.0, '10': 0.0, '11': 13.89, '12': 0.0, '13': 0.0, '14': 36.11, '15': 0.0, '16': 0.0, '17': 0.0, '18': 0.0, '19': 2.22, '20': 1.67, '21': 0.0, '22': 0.0, '23': 0.0, '24': 20.0, '25': 0.0, '26': 0.0, '27': 0.0, '28': 0.0, '29': 0.0, '30': 0.0, '31': 0.0, '32': 0.0, '33': 0.0, '34': 0.0, '35': 0.0, '36': 0.0, '37': 0.0, '38': 0.0, '39': 0.0, '40': 0.0, '41': 0.0, '42': 0.0, '43': 0.0, '44': 0.0, '45': 0.0, '46': 0.0, '47': 0.0, '48': 0.0, '49': 0.0, '50': 0.0, '51': 0.0, '52': 0.0, '53': 0.0, 'old': 2.0, 'new': 0.0}
2025-03-04 01:26:56,489 [trainer.py] => CNN top1 curve: [4.04, 3.33, 2.82, 2.19, 2.2, 1.82]
2025-03-04 01:26:56,489 [trainer.py] => CNN top5 curve: [19.46, 17.33, 14.6, 12.35, 10.66, 10.01]

2025-03-04 01:28:22,532 [trainer.py] => 实验名称:FSCIL实验
2025-03-04 01:28:22,569 [trainer.py] => config: ./exps/finetune.json
2025-03-04 01:28:22,569 [trainer.py] => experiment_name: 实验名称:FSCIL实验
2025-03-04 01:28:22,569 [trainer.py] => dataset: xrfdataset
2025-03-04 01:28:22,569 [trainer.py] => memory_size: 1650
2025-03-04 01:28:22,569 [trainer.py] => memory_per_class: 30
2025-03-04 01:28:22,569 [trainer.py] => fixed_memory: True
2025-03-04 01:28:22,569 [trainer.py] => shuffle: True
2025-03-04 01:28:22,569 [trainer.py] => init_cls: 30
2025-03-04 01:28:22,569 [trainer.py] => increment: 5
2025-03-04 01:28:22,569 [trainer.py] => model_name: finetune
2025-03-04 01:28:22,569 [trainer.py] => convnet_type: resnet34
2025-03-04 01:28:22,570 [trainer.py] => device: [device(type='cuda', index=2)]
2025-03-04 01:28:22,570 [trainer.py] => seed: 1993
2025-03-04 01:28:22,602 [data.py] => 加载完毕XRF原始数据集
2025-03-04 01:28:22,618 [data.py] => 加载完毕XRF原始数据集
2025-03-04 01:28:22,749 [trainer.py] => All params: 7480448
2025-03-04 01:28:22,750 [trainer.py] => Trainable params: 7480448
2025-03-04 01:28:22,750 [finetune.py] => Learning on 0-30
2025-03-04 01:59:29,840 [finetune.py] => Task 0, Epoch 170/170 => Loss 0.009, Train_accy 99.98
2025-03-04 01:59:33,912 [trainer.py] => No NME accuracy.
2025-03-04 01:59:33,913 [trainer.py] => CNN: {'total': 82.35, '0': 98.89, '1': 86.11, '2': 81.11, '3': 68.89, '4': 81.67, '5': 70.56, '6': 55.56, '7': 82.78, '8': 76.11, '9': 70.56, '10': 95.0, '11': 98.89, '12': 79.44, '13': 68.89, '14': 76.11, '15': 88.89, '16': 92.22, '17': 95.0, '18': 91.67, '19': 89.44, '20': 96.67, '21': 91.11, '22': 84.44, '23': 80.0, '24': 81.11, '25': 76.11, '26': 79.44, '27': 82.22, '28': 72.78, 'old': 0, 'new': 82.35}
2025-03-04 01:59:33,913 [trainer.py] => CNN top1 curve: [82.35]
2025-03-04 01:59:33,913 [trainer.py] => CNN top5 curve: [98.44]

2025-03-04 01:59:33,914 [trainer.py] => All params: 7495838
2025-03-04 01:59:33,915 [trainer.py] => Trainable params: 7495838
2025-03-04 01:59:33,919 [finetune.py] => Learning on 30-35
2025-03-04 02:01:39,968 [finetune.py] => Task 1, Epoch 100/100 => Loss 0.000, Train_accy 80.00
2025-03-04 02:01:44,253 [trainer.py] => No NME accuracy.
2025-03-04 02:01:44,253 [trainer.py] => CNN: {'total': 4.92, '0': 78.89, '1': 0.0, '2': 0.0, '3': 0.0, '4': 1.67, '5': 1.67, '6': 0.0, '7': 0.0, '8': 1.11, '9': 0.0, '10': 1.11, '11': 0.0, '12': 2.78, '13': 0.0, '14': 0.0, '15': 0.0, '16': 0.0, '17': 55.0, '18': 0.0, '19': 0.0, '20': 0.0, '21': 0.0, '22': 3.33, '23': 0.0, '24': 0.0, '25': 0.0, '26': 1.11, '27': 0.56, '28': 0.0, '29': 7.22, '30': 2.22, '31': 3.33, '32': 4.44, '33': 7.78, 'old': 5.15, 'new': 3.56}
2025-03-04 02:01:44,253 [trainer.py] => CNN top1 curve: [82.35, 4.92]
2025-03-04 02:01:44,254 [trainer.py] => CNN top5 curve: [98.44, 17.76]

2025-03-04 02:01:44,254 [trainer.py] => All params: 7498403
2025-03-04 02:01:44,255 [trainer.py] => Trainable params: 7498403
2025-03-04 02:01:44,262 [finetune.py] => Learning on 35-40
2025-03-04 02:04:01,291 [finetune.py] => Task 2, Epoch 100/100 => Loss 0.000, Train_accy 100.00
2025-03-04 02:04:05,970 [trainer.py] => No NME accuracy.
2025-03-04 02:04:05,970 [trainer.py] => CNN: {'total': 3.58, '0': 4.44, '1': 0.0, '2': 0.0, '3': 0.0, '4': 0.56, '5': 0.0, '6': 0.0, '7': 0.0, '8': 0.0, '9': 0.0, '10': 0.0, '11': 0.0, '12': 0.56, '13': 0.0, '14': 0.56, '15': 0.0, '16': 0.0, '17': 2.78, '18': 3.89, '19': 1.11, '20': 0.0, '21': 3.89, '22': 1.67, '23': 0.0, '24': 0.0, '25': 0.0, '26': 0.0, '27': 0.0, '28': 0.0, '29': 0.0, '30': 0.0, '31': 0.0, '32': 0.0, '33': 25.56, '34': 0.0, '35': 0.56, '36': 10.0, '37': 1.67, '38': 83.89, 'old': 1.29, 'new': 19.67}
2025-03-04 02:04:05,970 [trainer.py] => CNN top1 curve: [82.35, 4.92, 3.58]
2025-03-04 02:04:05,970 [trainer.py] => CNN top5 curve: [98.44, 17.76, 15.31]

2025-03-04 02:04:05,971 [trainer.py] => All params: 7500968
2025-03-04 02:04:05,971 [trainer.py] => Trainable params: 7500968
2025-03-04 02:04:05,980 [finetune.py] => Learning on 40-45
