2025-03-04 02:07:10,006 [trainer.py] => 实验名称:FSCIL实验
2025-03-04 02:07:10,012 [trainer.py] => config: ./exps/finetune.json
2025-03-04 02:07:10,012 [trainer.py] => experiment_name: 实验名称:FSCIL实验
2025-03-04 02:07:10,012 [trainer.py] => dataset: xrfdataset
2025-03-04 02:07:10,012 [trainer.py] => memory_size: 1650
2025-03-04 02:07:10,012 [trainer.py] => memory_per_class: 30
2025-03-04 02:07:10,012 [trainer.py] => fixed_memory: True
2025-03-04 02:07:10,012 [trainer.py] => shuffle: True
2025-03-04 02:07:10,012 [trainer.py] => init_cls: 30
2025-03-04 02:07:10,012 [trainer.py] => increment: 5
2025-03-04 02:07:10,013 [trainer.py] => model_name: finetune
2025-03-04 02:07:10,013 [trainer.py] => convnet_type: unet
2025-03-04 02:07:10,013 [trainer.py] => device: [device(type='cuda', index=2)]
2025-03-04 02:07:10,013 [trainer.py] => seed: 1993
2025-03-04 02:07:10,051 [data.py] => 加载完毕XRF原始数据集
2025-03-04 02:07:10,076 [data.py] => 加载完毕XRF原始数据集
2025-03-04 02:07:10,253 [trainer.py] => All params: 21041612
2025-03-04 02:07:10,253 [trainer.py] => Trainable params: 21041612
2025-03-04 02:07:10,253 [finetune.py] => Learning on 0-30
2025-03-04 03:07:26,198 [finetune.py] => Task 0, Epoch 200/200 => Loss 0.016, Train_accy 99.99
2025-03-04 03:07:31,467 [trainer.py] => No NME accuracy.
2025-03-04 03:07:31,468 [trainer.py] => CNN: {'total': 90.22, '0': 98.89, '1': 90.0, '2': 97.22, '3': 81.67, '4': 93.33, '5': 79.44, '6': 67.22, '7': 89.44, '8': 90.0, '9': 67.22, '10': 97.78, '11': 99.44, '12': 91.67, '13': 87.22, '14': 88.33, '15': 95.56, '16': 98.33, '17': 97.78, '18': 95.0, '19': 93.89, '20': 100.0, '21': 93.89, '22': 92.78, '23': 93.89, '24': 90.56, '25': 84.44, '26': 92.22, '27': 91.11, '28': 81.67, 'old': 0, 'new': 90.22}
2025-03-04 03:07:31,468 [trainer.py] => CNN top1 curve: [90.22]
2025-03-04 03:07:31,468 [trainer.py] => CNN top5 curve: [99.0]

2025-03-04 03:07:31,469 [trainer.py] => All params: 21045482
2025-03-04 03:07:31,469 [trainer.py] => Trainable params: 21045482
2025-03-04 03:07:31,471 [finetune.py] => Learning on 30-35
2025-03-04 03:09:29,560 [finetune.py] => Task 1, Epoch 80/80 => Loss 0.000, Train_accy 100.00
2025-03-04 03:09:35,273 [trainer.py] => No NME accuracy.
2025-03-04 03:09:35,274 [trainer.py] => CNN: {'total': 4.87, '0': 16.11, '1': 0.0, '2': 0.56, '3': 0.56, '4': 5.0, '5': 0.0, '6': 0.0, '7': 0.0, '8': 0.0, '9': 0.0, '10': 6.67, '11': 0.0, '12': 0.0, '13': 0.0, '14': 0.0, '15': 0.0, '16': 5.0, '17': 0.0, '18': 0.0, '19': 0.0, '20': 0.0, '21': 0.0, '22': 0.0, '23': 58.33, '24': 0.0, '25': 0.0, '26': 0.0, '27': 1.11, '28': 3.33, '29': 0.56, '30': 2.78, '31': 3.33, '32': 6.67, '33': 10.56, 'old': 3.24, 'new': 14.67}
2025-03-04 03:09:35,274 [trainer.py] => CNN top1 curve: [90.22, 4.87]
2025-03-04 03:09:35,274 [trainer.py] => CNN top5 curve: [99.0, 19.03]

2025-03-04 03:09:35,275 [trainer.py] => All params: 21046127
2025-03-04 03:09:35,275 [trainer.py] => Trainable params: 21046127
2025-03-04 03:09:35,276 [finetune.py] => Learning on 35-40
2025-03-04 03:11:43,707 [finetune.py] => Task 2, Epoch 80/80 => Loss 0.000, Train_accy 100.00
2025-03-04 03:11:50,359 [trainer.py] => No NME accuracy.
2025-03-04 03:11:50,360 [trainer.py] => CNN: {'total': 3.14, '0': 5.56, '1': 0.0, '2': 3.89, '3': 0.0, '4': 6.11, '5': 0.0, '6': 0.0, '7': 3.33, '8': 0.0, '9': 0.56, '10': 3.89, '11': 0.0, '12': 27.78, '13': 0.0, '14': 0.0, '15': 1.11, '16': 0.0, '17': 0.0, '18': 0.0, '19': 0.0, '20': 0.0, '21': 0.0, '22': 0.0, '23': 17.78, '24': 0.0, '25': 1.67, '26': 0.0, '27': 0.0, '28': 3.33, '29': 0.0, '30': 0.0, '31': 0.0, '32': 0.0, '33': 20.56, '34': 0.0, '35': 1.67, '36': 20.0, '37': 0.56, '38': 3.89, 'old': 2.73, 'new': 6.0}
2025-03-04 03:11:50,360 [trainer.py] => CNN top1 curve: [90.22, 4.87, 3.14]
2025-03-04 03:11:50,360 [trainer.py] => CNN top5 curve: [99.0, 19.03, 17.24]

2025-03-04 03:11:50,361 [trainer.py] => All params: 21046772
2025-03-04 03:11:50,361 [trainer.py] => Trainable params: 21046772
2025-03-04 03:11:50,363 [finetune.py] => Learning on 40-45
2025-03-04 03:14:09,478 [finetune.py] => Task 3, Epoch 80/80 => Loss 0.000, Train_accy 100.00
2025-03-04 03:14:16,567 [trainer.py] => No NME accuracy.
2025-03-04 03:14:16,567 [trainer.py] => CNN: {'total': 2.68, '0': 4.44, '1': 0.0, '2': 0.0, '3': 0.0, '4': 0.0, '5': 0.0, '6': 0.0, '7': 0.0, '8': 0.0, '9': 0.0, '10': 0.56, '11': 0.0, '12': 9.44, '13': 0.0, '14': 0.0, '15': 0.56, '16': 0.56, '17': 0.0, '18': 0.0, '19': 0.0, '20': 0.0, '21': 0.56, '22': 0.0, '23': 0.0, '24': 0.0, '25': 2.78, '26': 0.0, '27': 0.0, '28': 25.0, '29': 0.0, '30': 0.0, '31': 0.0, '32': 0.0, '33': 2.78, '34': 0.0, '35': 0.56, '36': 17.22, '37': 0.0, '38': 1.11, '39': 0.0, '40': 27.78, '41': 12.22, '42': 3.33, '43': 6.67, 'old': 1.64, 'new': 11.0}
2025-03-04 03:14:16,568 [trainer.py] => CNN top1 curve: [90.22, 4.87, 3.14, 2.68]
2025-03-04 03:14:16,568 [trainer.py] => CNN top5 curve: [99.0, 19.03, 17.24, 13.98]

2025-03-04 03:14:16,569 [trainer.py] => All params: 21047417
2025-03-04 03:14:16,570 [trainer.py] => Trainable params: 21047417
2025-03-04 03:14:16,571 [finetune.py] => Learning on 45-50
2025-03-04 03:16:46,832 [finetune.py] => Task 4, Epoch 80/80 => Loss 0.000, Train_accy 100.00
2025-03-04 03:16:54,637 [trainer.py] => No NME accuracy.
2025-03-04 03:16:54,638 [trainer.py] => CNN: {'total': 2.38, '0': 2.22, '1': 0.0, '2': 1.11, '3': 0.0, '4': 0.0, '5': 0.0, '6': 0.0, '7': 8.33, '8': 0.0, '9': 0.0, '10': 7.22, '11': 0.0, '12': 3.33, '13': 0.0, '14': 0.0, '15': 0.0, '16': 0.0, '17': 0.0, '18': 0.0, '19': 0.0, '20': 0.0, '21': 0.0, '22': 0.0, '23': 0.0, '24': 0.0, '25': 0.0, '26': 0.0, '27': 0.0, '28': 0.56, '29': 0.0, '30': 0.0, '31': 0.0, '32': 0.0, '33': 3.33, '34': 0.0, '35': 0.0, '36': 10.0, '37': 0.0, '38': 0.0, '39': 0.0, '40': 1.67, '41': 0.0, '42': 0.0, '43': 6.67, '44': 3.89, '45': 3.89, '46': 1.11, '47': 1.11, '48': 33.89, 'old': 1.07, 'new': 14.11}
2025-03-04 03:16:54,638 [trainer.py] => CNN top1 curve: [90.22, 4.87, 3.14, 2.68, 2.38]
2025-03-04 03:16:54,638 [trainer.py] => CNN top5 curve: [99.0, 19.03, 17.24, 13.98, 12.59]

2025-03-04 03:16:54,639 [trainer.py] => All params: 21048062
2025-03-04 03:16:54,640 [trainer.py] => Trainable params: 21048062
2025-03-04 03:16:54,641 [finetune.py] => Learning on 50-55
2025-03-04 03:19:34,581 [finetune.py] => Task 5, Epoch 80/80 => Loss 0.000, Train_accy 100.00
2025-03-04 03:19:42,871 [trainer.py] => No NME accuracy.
2025-03-04 03:19:42,872 [trainer.py] => CNN: {'total': 2.06, '0': 0.0, '1': 0.0, '2': 1.11, '3': 0.0, '4': 0.0, '5': 0.0, '6': 0.0, '7': 6.67, '8': 0.0, '9': 0.0, '10': 2.22, '11': 0.0, '12': 0.0, '13': 0.0, '14': 0.0, '15': 0.0, '16': 0.0, '17': 0.0, '18': 0.0, '19': 0.0, '20': 0.0, '21': 0.0, '22': 0.0, '23': 0.0, '24': 0.0, '25': 0.0, '26': 1.67, '27': 0.56, '28': 0.0, '29': 0.0, '30': 0.0, '31': 0.0, '32': 0.0, '33': 0.0, '34': 0.56, '35': 0.0, '36': 0.0, '37': 0.0, '38': 0.0, '39': 0.0, '40': 1.67, '41': 0.0, '42': 0.0, '43': 3.33, '44': 0.56, '45': 6.11, '46': 2.22, '47': 2.78, '48': 26.67, '49': 21.11, '50': 5.0, '51': 0.56, '52': 1.11, '53': 8.89, 'old': 1.54, 'new': 7.22}
2025-03-04 03:19:42,872 [trainer.py] => CNN top1 curve: [90.22, 4.87, 3.14, 2.68, 2.38, 2.06]
2025-03-04 03:19:42,872 [trainer.py] => CNN top5 curve: [99.0, 19.03, 17.24, 13.98, 12.59, 11.16]

